2021-04-06 16:50:51,476 [Worker-3: Loading available Gradle versions] INFO  o.e.b.c.i.u.g.PublishedGradleVersions - Gradle version information cache is up-to-date. Trying to read.
2021-04-07 03:21:20,601 [Worker-3: Importing Maven projects] INFO  o.e.m.c.i.l.LifecycleMappingFactory - Using org.eclipse.m2e.jdt.JarLifecycleMapping lifecycle mapping for MavenProject: org.vanilladb:core-patch:0.4.1-2021-spring @ /Users/timchang/database_systems/db21-assignment-2/core-patch/pom.xml.
2021-04-07 03:21:21,475 [Worker-3: Importing Maven projects] INFO  o.e.m.j.i.AbstractJavaProjectConfigurator - Adding source folder /core-patch/src/main/java
2021-04-07 03:21:21,479 [Worker-3: Importing Maven projects] INFO  o.e.m.j.i.AbstractJavaProjectConfigurator - Adding resource folder /core-patch/src/main/resources
2021-04-07 03:21:21,480 [Worker-3: Importing Maven projects] INFO  o.e.m.j.i.AbstractJavaProjectConfigurator - Adding source folder /core-patch/src/test/java
2021-04-07 03:21:22,703 [Worker-3: Importing Maven projects] INFO  o.e.m.c.i.p.ProjectConfigurationManager - Imported and configured 1 project(s) in 5 sec
2021-04-07 03:21:28,720 [Worker-17: Building] WARN  o.e.m.c.i.embedder.EclipseLogger - Using platform encoding (UTF-8 actually) to copy filtered resources, i.e. build is platform dependent!
2021-04-07 03:21:28,729 [Worker-17: Building] INFO  o.e.m.c.i.embedder.EclipseLogger - Copying 2 resources
2021-04-07 03:21:28,742 [Worker-17: Building] WARN  o.e.m.c.i.embedder.EclipseLogger - Using platform encoding (UTF-8 actually) to copy filtered resources, i.e. build is platform dependent!
2021-04-07 03:21:28,743 [Worker-17: Building] INFO  o.e.m.c.i.embedder.EclipseLogger - skip non existing resourceDirectory /Users/timchang/database_systems/db21-assignment-2/core-patch/src/test/resources
2021-04-07 03:21:59,840 [Worker-19: Building] WARN  o.e.m.c.i.embedder.EclipseLogger - Using platform encoding (UTF-8 actually) to copy filtered resources, i.e. build is platform dependent!
2021-04-07 03:21:59,844 [Worker-19: Building] INFO  o.e.m.c.i.embedder.EclipseLogger - Copying 0 resource
2021-04-07 03:21:59,847 [Worker-19: Building] WARN  o.e.m.c.i.embedder.EclipseLogger - Using platform encoding (UTF-8 actually) to copy filtered resources, i.e. build is platform dependent!
2021-04-07 03:21:59,848 [Worker-19: Building] INFO  o.e.m.c.i.embedder.EclipseLogger - skip non existing resourceDirectory /Users/timchang/database_systems/db21-assignment-2/core-patch/src/test/resources
2021-04-07 03:40:39,162 [Worker-26: Importing Maven projects] INFO  o.e.m.c.i.l.LifecycleMappingFactory - Using org.eclipse.m2e.jdt.JarLifecycleMapping lifecycle mapping for MavenProject: org.vanilladb:bench:0.4.1-2021-spring @ /Users/timchang/database_systems/db21-assignment-2/bench/pom.xml.
2021-04-07 03:40:39,197 [Worker-26: Importing Maven projects] INFO  o.e.m.c.i.p.WorkspaceClassifierResolverManager - Resolving P/core-patch: org.vanilladb:core-patch:0.4.1-2021-spring with classifier  to /core-patch/target/classes
2021-04-07 03:40:39,245 [Worker-26: Importing Maven projects] INFO  o.e.m.j.i.AbstractJavaProjectConfigurator - Adding source folder /bench/src/main/java
2021-04-07 03:40:39,245 [Worker-26: Importing Maven projects] INFO  o.e.m.j.i.AbstractJavaProjectConfigurator - Adding resource folder /bench/src/main/resources
2021-04-07 03:40:39,246 [Worker-26: Importing Maven projects] INFO  o.e.m.j.i.AbstractJavaProjectConfigurator - Adding source folder /bench/src/test/java
2021-04-07 03:40:39,305 [Worker-26: Importing Maven projects] INFO  o.e.m.c.i.p.ProjectConfigurationManager - Imported and configured 1 project(s) in 0 sec
2021-04-07 03:40:40,096 [Worker-26: Building] INFO  o.e.m.c.i.p.WorkspaceClassifierResolverManager - Resolving P/core-patch: org.vanilladb:core-patch:0.4.1-2021-spring with classifier  to /core-patch/target/classes
2021-04-07 03:40:40,104 [Worker-26: Building] WARN  o.e.m.c.i.embedder.EclipseLogger - Using platform encoding (UTF-8 actually) to copy filtered resources, i.e. build is platform dependent!
2021-04-07 03:40:40,106 [Worker-26: Building] INFO  o.e.m.c.i.embedder.EclipseLogger - Copying 3 resources
2021-04-07 03:40:40,115 [Worker-26: Building] WARN  o.e.m.c.i.embedder.EclipseLogger - Using platform encoding (UTF-8 actually) to copy filtered resources, i.e. build is platform dependent!
2021-04-07 03:40:40,116 [Worker-26: Building] INFO  o.e.m.c.i.embedder.EclipseLogger - skip non existing resourceDirectory /Users/timchang/database_systems/db21-assignment-2/bench/src/test/resources
2021-04-07 03:41:55,509 [Worker-27: Building] WARN  o.e.m.c.i.embedder.EclipseLogger - Using platform encoding (UTF-8 actually) to copy filtered resources, i.e. build is platform dependent!
2021-04-07 03:41:55,514 [Worker-27: Building] INFO  o.e.m.c.i.embedder.EclipseLogger - Copying 1 resource
2021-04-07 03:41:55,525 [Worker-27: Building] WARN  o.e.m.c.i.embedder.EclipseLogger - Using platform encoding (UTF-8 actually) to copy filtered resources, i.e. build is platform dependent!
2021-04-07 03:41:55,526 [Worker-27: Building] INFO  o.e.m.c.i.embedder.EclipseLogger - skip non existing resourceDirectory /Users/timchang/database_systems/db21-assignment-2/bench/src/test/resources
2021-04-07 03:44:50,483 [Worker-31: Launching Server-startup] INFO  o.e.m.c.i.p.WorkspaceClassifierResolverManager - Resolving P/core-patch: org.vanilladb:core-patch:0.4.1-2021-spring with classifier null to /core-patch/target/classes
2021-04-07 03:44:50,501 [Worker-31: Launching Server-startup] INFO  o.e.m.c.i.p.WorkspaceClassifierResolverManager - Resolving P/core-patch: org.vanilladb:core-patch:0.4.1-2021-spring with classifier null to /core-patch/target/classes
2021-04-07 03:44:50,516 [Worker-31: Launching Server-startup] INFO  o.e.m.c.i.p.WorkspaceClassifierResolverManager - Resolving P/core-patch: org.vanilladb:core-patch:0.4.1-2021-spring with classifier null to /core-patch/target/classes
2021-04-07 03:45:37,832 [Worker-27: Launching Server-startup] INFO  o.e.m.c.i.p.WorkspaceClassifierResolverManager - Resolving P/core-patch: org.vanilladb:core-patch:0.4.1-2021-spring with classifier null to /core-patch/target/classes
2021-04-07 03:45:37,860 [Worker-27: Launching Server-startup] INFO  o.e.m.c.i.p.WorkspaceClassifierResolverManager - Resolving P/core-patch: org.vanilladb:core-patch:0.4.1-2021-spring with classifier null to /core-patch/target/classes
2021-04-07 03:45:37,888 [Worker-27: Launching Server-startup] INFO  o.e.m.c.i.p.WorkspaceClassifierResolverManager - Resolving P/core-patch: org.vanilladb:core-patch:0.4.1-2021-spring with classifier null to /core-patch/target/classes
2021-04-07 03:49:57,263 [Worker-33: Launching Client-load] INFO  o.e.m.c.i.p.WorkspaceClassifierResolverManager - Resolving P/core-patch: org.vanilladb:core-patch:0.4.1-2021-spring with classifier null to /core-patch/target/classes
2021-04-07 03:49:57,286 [Worker-33: Launching Client-load] INFO  o.e.m.c.i.p.WorkspaceClassifierResolverManager - Resolving P/core-patch: org.vanilladb:core-patch:0.4.1-2021-spring with classifier null to /core-patch/target/classes
2021-04-07 03:49:57,310 [Worker-33: Launching Client-load] INFO  o.e.m.c.i.p.WorkspaceClassifierResolverManager - Resolving P/core-patch: org.vanilladb:core-patch:0.4.1-2021-spring with classifier null to /core-patch/target/classes
2021-04-07 03:50:56,643 [Worker-34: Launching Client-bench] INFO  o.e.m.c.i.p.WorkspaceClassifierResolverManager - Resolving P/core-patch: org.vanilladb:core-patch:0.4.1-2021-spring with classifier null to /core-patch/target/classes
2021-04-07 03:50:56,681 [Worker-34: Launching Client-bench] INFO  o.e.m.c.i.p.WorkspaceClassifierResolverManager - Resolving P/core-patch: org.vanilladb:core-patch:0.4.1-2021-spring with classifier null to /core-patch/target/classes
2021-04-07 03:50:56,712 [Worker-34: Launching Client-bench] INFO  o.e.m.c.i.p.WorkspaceClassifierResolverManager - Resolving P/core-patch: org.vanilladb:core-patch:0.4.1-2021-spring with classifier null to /core-patch/target/classes
2021-04-07 03:52:11,110 [Worker-35: Launching Client-bench] INFO  o.e.m.c.i.p.WorkspaceClassifierResolverManager - Resolving P/core-patch: org.vanilladb:core-patch:0.4.1-2021-spring with classifier null to /core-patch/target/classes
2021-04-07 03:52:11,147 [Worker-35: Launching Client-bench] INFO  o.e.m.c.i.p.WorkspaceClassifierResolverManager - Resolving P/core-patch: org.vanilladb:core-patch:0.4.1-2021-spring with classifier null to /core-patch/target/classes
2021-04-07 03:52:11,182 [Worker-35: Launching Client-bench] INFO  o.e.m.c.i.p.WorkspaceClassifierResolverManager - Resolving P/core-patch: org.vanilladb:core-patch:0.4.1-2021-spring with classifier null to /core-patch/target/classes
2021-04-07 03:52:32,510 [Worker-27: Launching Client-bench] INFO  o.e.m.c.i.p.WorkspaceClassifierResolverManager - Resolving P/core-patch: org.vanilladb:core-patch:0.4.1-2021-spring with classifier null to /core-patch/target/classes
2021-04-07 03:52:32,542 [Worker-27: Launching Client-bench] INFO  o.e.m.c.i.p.WorkspaceClassifierResolverManager - Resolving P/core-patch: org.vanilladb:core-patch:0.4.1-2021-spring with classifier null to /core-patch/target/classes
2021-04-07 03:52:32,557 [Worker-27: Launching Client-bench] INFO  o.e.m.c.i.p.WorkspaceClassifierResolverManager - Resolving P/core-patch: org.vanilladb:core-patch:0.4.1-2021-spring with classifier null to /core-patch/target/classes
2021-04-07 03:53:16,722 [Worker-35: Launching Client-bench] INFO  o.e.m.c.i.p.WorkspaceClassifierResolverManager - Resolving P/core-patch: org.vanilladb:core-patch:0.4.1-2021-spring with classifier null to /core-patch/target/classes
2021-04-07 03:53:16,736 [Worker-35: Launching Client-bench] INFO  o.e.m.c.i.p.WorkspaceClassifierResolverManager - Resolving P/core-patch: org.vanilladb:core-patch:0.4.1-2021-spring with classifier null to /core-patch/target/classes
2021-04-07 03:53:16,747 [Worker-35: Launching Client-bench] INFO  o.e.m.c.i.p.WorkspaceClassifierResolverManager - Resolving P/core-patch: org.vanilladb:core-patch:0.4.1-2021-spring with classifier null to /core-patch/target/classes
2021-04-07 03:53:24,615 [Worker-37: Launching Server-startup] INFO  o.e.m.c.i.p.WorkspaceClassifierResolverManager - Resolving P/core-patch: org.vanilladb:core-patch:0.4.1-2021-spring with classifier null to /core-patch/target/classes
2021-04-07 03:53:24,629 [Worker-37: Launching Server-startup] INFO  o.e.m.c.i.p.WorkspaceClassifierResolverManager - Resolving P/core-patch: org.vanilladb:core-patch:0.4.1-2021-spring with classifier null to /core-patch/target/classes
2021-04-07 03:53:24,645 [Worker-37: Launching Server-startup] INFO  o.e.m.c.i.p.WorkspaceClassifierResolverManager - Resolving P/core-patch: org.vanilladb:core-patch:0.4.1-2021-spring with classifier null to /core-patch/target/classes
2021-04-07 03:53:31,371 [Worker-30: Launching Server-startup] INFO  o.e.m.c.i.p.WorkspaceClassifierResolverManager - Resolving P/core-patch: org.vanilladb:core-patch:0.4.1-2021-spring with classifier null to /core-patch/target/classes
2021-04-07 03:53:31,383 [Worker-30: Launching Server-startup] INFO  o.e.m.c.i.p.WorkspaceClassifierResolverManager - Resolving P/core-patch: org.vanilladb:core-patch:0.4.1-2021-spring with classifier null to /core-patch/target/classes
2021-04-07 03:53:31,398 [Worker-30: Launching Server-startup] INFO  o.e.m.c.i.p.WorkspaceClassifierResolverManager - Resolving P/core-patch: org.vanilladb:core-patch:0.4.1-2021-spring with classifier null to /core-patch/target/classes
2021-04-07 03:53:46,662 [Worker-37: Launching Client-bench] INFO  o.e.m.c.i.p.WorkspaceClassifierResolverManager - Resolving P/core-patch: org.vanilladb:core-patch:0.4.1-2021-spring with classifier null to /core-patch/target/classes
2021-04-07 03:53:46,688 [Worker-37: Launching Client-bench] INFO  o.e.m.c.i.p.WorkspaceClassifierResolverManager - Resolving P/core-patch: org.vanilladb:core-patch:0.4.1-2021-spring with classifier null to /core-patch/target/classes
2021-04-07 03:53:46,740 [Worker-37: Launching Client-bench] INFO  o.e.m.c.i.p.WorkspaceClassifierResolverManager - Resolving P/core-patch: org.vanilladb:core-patch:0.4.1-2021-spring with classifier null to /core-patch/target/classes
2021-04-07 03:54:38,063 [Worker-36: Launching Client-load] INFO  o.e.m.c.i.p.WorkspaceClassifierResolverManager - Resolving P/core-patch: org.vanilladb:core-patch:0.4.1-2021-spring with classifier null to /core-patch/target/classes
2021-04-07 03:54:38,099 [Worker-36: Launching Client-load] INFO  o.e.m.c.i.p.WorkspaceClassifierResolverManager - Resolving P/core-patch: org.vanilladb:core-patch:0.4.1-2021-spring with classifier null to /core-patch/target/classes
2021-04-07 03:54:38,126 [Worker-36: Launching Client-load] INFO  o.e.m.c.i.p.WorkspaceClassifierResolverManager - Resolving P/core-patch: org.vanilladb:core-patch:0.4.1-2021-spring with classifier null to /core-patch/target/classes
2021-04-07 03:56:59,776 [Worker-37: Launching Client-load] INFO  o.e.m.c.i.p.WorkspaceClassifierResolverManager - Resolving P/core-patch: org.vanilladb:core-patch:0.4.1-2021-spring with classifier null to /core-patch/target/classes
2021-04-07 03:56:59,795 [Worker-37: Launching Client-load] INFO  o.e.m.c.i.p.WorkspaceClassifierResolverManager - Resolving P/core-patch: org.vanilladb:core-patch:0.4.1-2021-spring with classifier null to /core-patch/target/classes
2021-04-07 03:56:59,834 [Worker-37: Launching Client-load] INFO  o.e.m.c.i.p.WorkspaceClassifierResolverManager - Resolving P/core-patch: org.vanilladb:core-patch:0.4.1-2021-spring with classifier null to /core-patch/target/classes
2021-04-07 03:58:07,680 [Worker-40: Launching Client-load] INFO  o.e.m.c.i.p.WorkspaceClassifierResolverManager - Resolving P/core-patch: org.vanilladb:core-patch:0.4.1-2021-spring with classifier null to /core-patch/target/classes
2021-04-07 03:58:07,706 [Worker-40: Launching Client-load] INFO  o.e.m.c.i.p.WorkspaceClassifierResolverManager - Resolving P/core-patch: org.vanilladb:core-patch:0.4.1-2021-spring with classifier null to /core-patch/target/classes
2021-04-07 03:58:07,726 [Worker-40: Launching Client-load] INFO  o.e.m.c.i.p.WorkspaceClassifierResolverManager - Resolving P/core-patch: org.vanilladb:core-patch:0.4.1-2021-spring with classifier null to /core-patch/target/classes
2021-04-07 04:02:37,929 [Worker-43: Building] WARN  o.e.m.c.i.embedder.EclipseLogger - Using platform encoding (UTF-8 actually) to copy filtered resources, i.e. build is platform dependent!
2021-04-07 04:02:37,932 [Worker-43: Building] INFO  o.e.m.c.i.embedder.EclipseLogger - Copying 1 resource
2021-04-07 04:02:37,936 [Worker-43: Building] WARN  o.e.m.c.i.embedder.EclipseLogger - Using platform encoding (UTF-8 actually) to copy filtered resources, i.e. build is platform dependent!
2021-04-07 04:02:37,937 [Worker-43: Building] INFO  o.e.m.c.i.embedder.EclipseLogger - skip non existing resourceDirectory /Users/timchang/database_systems/db21-assignment-2/bench/src/test/resources
2021-04-07 04:02:40,780 [Worker-42: Launching Client-load] INFO  o.e.m.c.i.p.WorkspaceClassifierResolverManager - Resolving P/core-patch: org.vanilladb:core-patch:0.4.1-2021-spring with classifier null to /core-patch/target/classes
2021-04-07 04:02:40,807 [Worker-42: Launching Client-load] INFO  o.e.m.c.i.p.WorkspaceClassifierResolverManager - Resolving P/core-patch: org.vanilladb:core-patch:0.4.1-2021-spring with classifier null to /core-patch/target/classes
2021-04-07 04:02:40,836 [Worker-42: Launching Client-load] INFO  o.e.m.c.i.p.WorkspaceClassifierResolverManager - Resolving P/core-patch: org.vanilladb:core-patch:0.4.1-2021-spring with classifier null to /core-patch/target/classes
2021-04-07 04:02:56,908 [Worker-43: Launching Server-startup] INFO  o.e.m.c.i.p.WorkspaceClassifierResolverManager - Resolving P/core-patch: org.vanilladb:core-patch:0.4.1-2021-spring with classifier null to /core-patch/target/classes
2021-04-07 04:02:56,929 [Worker-43: Launching Server-startup] INFO  o.e.m.c.i.p.WorkspaceClassifierResolverManager - Resolving P/core-patch: org.vanilladb:core-patch:0.4.1-2021-spring with classifier null to /core-patch/target/classes
2021-04-07 04:02:56,959 [Worker-43: Launching Server-startup] INFO  o.e.m.c.i.p.WorkspaceClassifierResolverManager - Resolving P/core-patch: org.vanilladb:core-patch:0.4.1-2021-spring with classifier null to /core-patch/target/classes
2021-04-07 04:03:04,938 [Worker-44: Launching Server-startup] INFO  o.e.m.c.i.p.WorkspaceClassifierResolverManager - Resolving P/core-patch: org.vanilladb:core-patch:0.4.1-2021-spring with classifier null to /core-patch/target/classes
2021-04-07 04:03:04,952 [Worker-44: Launching Server-startup] INFO  o.e.m.c.i.p.WorkspaceClassifierResolverManager - Resolving P/core-patch: org.vanilladb:core-patch:0.4.1-2021-spring with classifier null to /core-patch/target/classes
2021-04-07 04:03:04,965 [Worker-44: Launching Server-startup] INFO  o.e.m.c.i.p.WorkspaceClassifierResolverManager - Resolving P/core-patch: org.vanilladb:core-patch:0.4.1-2021-spring with classifier null to /core-patch/target/classes
2021-04-07 04:03:05,326 [Worker-38: Launching Server-startup] INFO  o.e.m.c.i.p.WorkspaceClassifierResolverManager - Resolving P/core-patch: org.vanilladb:core-patch:0.4.1-2021-spring with classifier null to /core-patch/target/classes
2021-04-07 04:03:05,344 [Worker-38: Launching Server-startup] INFO  o.e.m.c.i.p.WorkspaceClassifierResolverManager - Resolving P/core-patch: org.vanilladb:core-patch:0.4.1-2021-spring with classifier null to /core-patch/target/classes
2021-04-07 04:03:05,362 [Worker-38: Launching Server-startup] INFO  o.e.m.c.i.p.WorkspaceClassifierResolverManager - Resolving P/core-patch: org.vanilladb:core-patch:0.4.1-2021-spring with classifier null to /core-patch/target/classes
2021-04-07 04:03:06,203 [Worker-45: Launching Server-startup] INFO  o.e.m.c.i.p.WorkspaceClassifierResolverManager - Resolving P/core-patch: org.vanilladb:core-patch:0.4.1-2021-spring with classifier null to /core-patch/target/classes
2021-04-07 04:03:06,227 [Worker-45: Launching Server-startup] INFO  o.e.m.c.i.p.WorkspaceClassifierResolverManager - Resolving P/core-patch: org.vanilladb:core-patch:0.4.1-2021-spring with classifier null to /core-patch/target/classes
2021-04-07 04:03:06,255 [Worker-45: Launching Server-startup] INFO  o.e.m.c.i.p.WorkspaceClassifierResolverManager - Resolving P/core-patch: org.vanilladb:core-patch:0.4.1-2021-spring with classifier null to /core-patch/target/classes
2021-04-07 04:03:08,253 [Worker-48: Launching Server-startup] INFO  o.e.m.c.i.p.WorkspaceClassifierResolverManager - Resolving P/core-patch: org.vanilladb:core-patch:0.4.1-2021-spring with classifier null to /core-patch/target/classes
2021-04-07 04:03:08,273 [Worker-48: Launching Server-startup] INFO  o.e.m.c.i.p.WorkspaceClassifierResolverManager - Resolving P/core-patch: org.vanilladb:core-patch:0.4.1-2021-spring with classifier null to /core-patch/target/classes
2021-04-07 04:03:08,299 [Worker-48: Launching Server-startup] INFO  o.e.m.c.i.p.WorkspaceClassifierResolverManager - Resolving P/core-patch: org.vanilladb:core-patch:0.4.1-2021-spring with classifier null to /core-patch/target/classes
2021-04-07 04:03:09,084 [Worker-45: Launching Server-startup] INFO  o.e.m.c.i.p.WorkspaceClassifierResolverManager - Resolving P/core-patch: org.vanilladb:core-patch:0.4.1-2021-spring with classifier null to /core-patch/target/classes
2021-04-07 04:03:09,100 [Worker-45: Launching Server-startup] INFO  o.e.m.c.i.p.WorkspaceClassifierResolverManager - Resolving P/core-patch: org.vanilladb:core-patch:0.4.1-2021-spring with classifier null to /core-patch/target/classes
2021-04-07 04:03:09,120 [Worker-45: Launching Server-startup] INFO  o.e.m.c.i.p.WorkspaceClassifierResolverManager - Resolving P/core-patch: org.vanilladb:core-patch:0.4.1-2021-spring with classifier null to /core-patch/target/classes
2021-04-07 04:03:26,516 [Worker-47: Launching Server-startup] INFO  o.e.m.c.i.p.WorkspaceClassifierResolverManager - Resolving P/core-patch: org.vanilladb:core-patch:0.4.1-2021-spring with classifier null to /core-patch/target/classes
2021-04-07 04:03:26,533 [Worker-47: Launching Server-startup] INFO  o.e.m.c.i.p.WorkspaceClassifierResolverManager - Resolving P/core-patch: org.vanilladb:core-patch:0.4.1-2021-spring with classifier null to /core-patch/target/classes
2021-04-07 04:03:26,550 [Worker-47: Launching Server-startup] INFO  o.e.m.c.i.p.WorkspaceClassifierResolverManager - Resolving P/core-patch: org.vanilladb:core-patch:0.4.1-2021-spring with classifier null to /core-patch/target/classes
2021-04-07 04:03:34,536 [Worker-42: Launching Client-load] INFO  o.e.m.c.i.p.WorkspaceClassifierResolverManager - Resolving P/core-patch: org.vanilladb:core-patch:0.4.1-2021-spring with classifier null to /core-patch/target/classes
2021-04-07 04:03:34,547 [Worker-42: Launching Client-load] INFO  o.e.m.c.i.p.WorkspaceClassifierResolverManager - Resolving P/core-patch: org.vanilladb:core-patch:0.4.1-2021-spring with classifier null to /core-patch/target/classes
2021-04-07 04:03:34,560 [Worker-42: Launching Client-load] INFO  o.e.m.c.i.p.WorkspaceClassifierResolverManager - Resolving P/core-patch: org.vanilladb:core-patch:0.4.1-2021-spring with classifier null to /core-patch/target/classes
2021-04-07 04:04:28,777 [Worker-47: Building] WARN  o.e.m.c.i.embedder.EclipseLogger - Using platform encoding (UTF-8 actually) to copy filtered resources, i.e. build is platform dependent!
2021-04-07 04:04:28,779 [Worker-47: Building] INFO  o.e.m.c.i.embedder.EclipseLogger - Copying 1 resource
2021-04-07 04:04:28,783 [Worker-47: Building] WARN  o.e.m.c.i.embedder.EclipseLogger - Using platform encoding (UTF-8 actually) to copy filtered resources, i.e. build is platform dependent!
2021-04-07 04:04:28,784 [Worker-47: Building] INFO  o.e.m.c.i.embedder.EclipseLogger - skip non existing resourceDirectory /Users/timchang/database_systems/db21-assignment-2/bench/src/test/resources
2021-04-07 04:04:33,444 [Worker-38: Launching Client-load] INFO  o.e.m.c.i.p.WorkspaceClassifierResolverManager - Resolving P/core-patch: org.vanilladb:core-patch:0.4.1-2021-spring with classifier null to /core-patch/target/classes
2021-04-07 04:04:33,458 [Worker-38: Launching Client-load] INFO  o.e.m.c.i.p.WorkspaceClassifierResolverManager - Resolving P/core-patch: org.vanilladb:core-patch:0.4.1-2021-spring with classifier null to /core-patch/target/classes
2021-04-07 04:04:33,472 [Worker-38: Launching Client-load] INFO  o.e.m.c.i.p.WorkspaceClassifierResolverManager - Resolving P/core-patch: org.vanilladb:core-patch:0.4.1-2021-spring with classifier null to /core-patch/target/classes
2021-04-07 04:14:03,371 [Worker-47: Launching Client-bench] INFO  o.e.m.c.i.p.WorkspaceClassifierResolverManager - Resolving P/core-patch: org.vanilladb:core-patch:0.4.1-2021-spring with classifier null to /core-patch/target/classes
2021-04-07 04:14:03,389 [Worker-47: Launching Client-bench] INFO  o.e.m.c.i.p.WorkspaceClassifierResolverManager - Resolving P/core-patch: org.vanilladb:core-patch:0.4.1-2021-spring with classifier null to /core-patch/target/classes
2021-04-07 04:14:03,404 [Worker-47: Launching Client-bench] INFO  o.e.m.c.i.p.WorkspaceClassifierResolverManager - Resolving P/core-patch: org.vanilladb:core-patch:0.4.1-2021-spring with classifier null to /core-patch/target/classes
2021-04-07 04:21:19,731 [Worker-56: Launching Client-bench] INFO  o.e.m.c.i.p.WorkspaceClassifierResolverManager - Resolving P/core-patch: org.vanilladb:core-patch:0.4.1-2021-spring with classifier null to /core-patch/target/classes
2021-04-07 04:21:19,762 [Worker-56: Launching Client-bench] INFO  o.e.m.c.i.p.WorkspaceClassifierResolverManager - Resolving P/core-patch: org.vanilladb:core-patch:0.4.1-2021-spring with classifier null to /core-patch/target/classes
2021-04-07 04:21:19,786 [Worker-56: Launching Client-bench] INFO  o.e.m.c.i.p.WorkspaceClassifierResolverManager - Resolving P/core-patch: org.vanilladb:core-patch:0.4.1-2021-spring with classifier null to /core-patch/target/classes
2021-04-07 04:31:51,382 [Worker-3: Loading available Gradle versions] INFO  o.e.b.c.i.u.g.PublishedGradleVersions - Gradle version information cache is up-to-date. Trying to read.
2021-04-07 04:45:08,145 [Worker-18: Building] INFO  o.e.m.c.i.p.WorkspaceClassifierResolverManager - Resolving P/core-patch: org.vanilladb:core-patch:0.4.1-2021-spring with classifier  to /core-patch/target/classes
2021-04-07 04:45:08,741 [Worker-18: Building] WARN  o.e.m.c.i.embedder.EclipseLogger - Using platform encoding (UTF-8 actually) to copy filtered resources, i.e. build is platform dependent!
2021-04-07 04:45:08,752 [Worker-18: Building] INFO  o.e.m.c.i.embedder.EclipseLogger - Copying 3 resources
2021-04-07 04:45:08,762 [Worker-18: Building] WARN  o.e.m.c.i.embedder.EclipseLogger - Using platform encoding (UTF-8 actually) to copy filtered resources, i.e. build is platform dependent!
2021-04-07 04:45:08,763 [Worker-18: Building] INFO  o.e.m.c.i.embedder.EclipseLogger - skip non existing resourceDirectory /Users/timchang/database_systems/db21-assignment-2/bench/src/test/resources
2021-04-07 05:30:00,054 [Worker-39: Building] WARN  o.e.m.c.i.embedder.EclipseLogger - Using platform encoding (UTF-8 actually) to copy filtered resources, i.e. build is platform dependent!
2021-04-07 05:30:00,063 [Worker-39: Building] INFO  o.e.m.c.i.embedder.EclipseLogger - Copying 3 resources
2021-04-07 05:30:00,065 [Worker-39: Building] WARN  o.e.m.c.i.embedder.EclipseLogger - Using platform encoding (UTF-8 actually) to copy filtered resources, i.e. build is platform dependent!
2021-04-07 05:30:00,066 [Worker-39: Building] INFO  o.e.m.c.i.embedder.EclipseLogger - skip non existing resourceDirectory /Users/timchang/database_systems/db21-assignment-2/bench/src/test/resources
2021-04-07 05:30:04,861 [Worker-40: Launching Server-startup] INFO  o.e.m.c.i.p.WorkspaceClassifierResolverManager - Resolving P/core-patch: org.vanilladb:core-patch:0.4.1-2021-spring with classifier null to /core-patch/target/classes
2021-04-07 05:30:04,895 [Worker-40: Launching Server-startup] INFO  o.e.m.c.i.p.WorkspaceClassifierResolverManager - Resolving P/core-patch: org.vanilladb:core-patch:0.4.1-2021-spring with classifier null to /core-patch/target/classes
2021-04-07 05:30:04,916 [Worker-40: Launching Server-startup] INFO  o.e.m.c.i.p.WorkspaceClassifierResolverManager - Resolving P/core-patch: org.vanilladb:core-patch:0.4.1-2021-spring with classifier null to /core-patch/target/classes
2021-04-07 05:30:50,313 [Worker-39: Launching Client-load] INFO  o.e.m.c.i.p.WorkspaceClassifierResolverManager - Resolving P/core-patch: org.vanilladb:core-patch:0.4.1-2021-spring with classifier null to /core-patch/target/classes
2021-04-07 05:30:50,334 [Worker-39: Launching Client-load] INFO  o.e.m.c.i.p.WorkspaceClassifierResolverManager - Resolving P/core-patch: org.vanilladb:core-patch:0.4.1-2021-spring with classifier null to /core-patch/target/classes
2021-04-07 05:30:50,355 [Worker-39: Launching Client-load] INFO  o.e.m.c.i.p.WorkspaceClassifierResolverManager - Resolving P/core-patch: org.vanilladb:core-patch:0.4.1-2021-spring with classifier null to /core-patch/target/classes
2021-04-07 05:32:56,813 [Worker-34: Building] WARN  o.e.m.c.i.embedder.EclipseLogger - Using platform encoding (UTF-8 actually) to copy filtered resources, i.e. build is platform dependent!
2021-04-07 05:32:56,817 [Worker-34: Building] INFO  o.e.m.c.i.embedder.EclipseLogger - Copying 1 resource
2021-04-07 05:32:56,824 [Worker-34: Building] WARN  o.e.m.c.i.embedder.EclipseLogger - Using platform encoding (UTF-8 actually) to copy filtered resources, i.e. build is platform dependent!
2021-04-07 05:32:56,825 [Worker-34: Building] INFO  o.e.m.c.i.embedder.EclipseLogger - skip non existing resourceDirectory /Users/timchang/database_systems/db21-assignment-2/bench/src/test/resources
2021-04-07 05:32:59,300 [Worker-34: Launching Client-load] INFO  o.e.m.c.i.p.WorkspaceClassifierResolverManager - Resolving P/core-patch: org.vanilladb:core-patch:0.4.1-2021-spring with classifier null to /core-patch/target/classes
2021-04-07 05:32:59,349 [Worker-34: Launching Client-load] INFO  o.e.m.c.i.p.WorkspaceClassifierResolverManager - Resolving P/core-patch: org.vanilladb:core-patch:0.4.1-2021-spring with classifier null to /core-patch/target/classes
2021-04-07 05:32:59,418 [Worker-34: Launching Client-load] INFO  o.e.m.c.i.p.WorkspaceClassifierResolverManager - Resolving P/core-patch: org.vanilladb:core-patch:0.4.1-2021-spring with classifier null to /core-patch/target/classes
2021-04-07 05:33:15,266 [Worker-43: Building] WARN  o.e.m.c.i.embedder.EclipseLogger - Using platform encoding (UTF-8 actually) to copy filtered resources, i.e. build is platform dependent!
2021-04-07 05:33:15,269 [Worker-43: Building] INFO  o.e.m.c.i.embedder.EclipseLogger - Copying 1 resource
2021-04-07 05:33:15,274 [Worker-43: Building] WARN  o.e.m.c.i.embedder.EclipseLogger - Using platform encoding (UTF-8 actually) to copy filtered resources, i.e. build is platform dependent!
2021-04-07 05:33:15,275 [Worker-43: Building] INFO  o.e.m.c.i.embedder.EclipseLogger - skip non existing resourceDirectory /Users/timchang/database_systems/db21-assignment-2/bench/src/test/resources
2021-04-07 05:33:18,648 [Worker-44: Launching Client-load] INFO  o.e.m.c.i.p.WorkspaceClassifierResolverManager - Resolving P/core-patch: org.vanilladb:core-patch:0.4.1-2021-spring with classifier null to /core-patch/target/classes
2021-04-07 05:33:18,686 [Worker-44: Launching Client-load] INFO  o.e.m.c.i.p.WorkspaceClassifierResolverManager - Resolving P/core-patch: org.vanilladb:core-patch:0.4.1-2021-spring with classifier null to /core-patch/target/classes
2021-04-07 05:33:18,726 [Worker-44: Launching Client-load] INFO  o.e.m.c.i.p.WorkspaceClassifierResolverManager - Resolving P/core-patch: org.vanilladb:core-patch:0.4.1-2021-spring with classifier null to /core-patch/target/classes
2021-04-07 05:33:24,331 [Worker-34: Launching Client-load] INFO  o.e.m.c.i.p.WorkspaceClassifierResolverManager - Resolving P/core-patch: org.vanilladb:core-patch:0.4.1-2021-spring with classifier null to /core-patch/target/classes
2021-04-07 05:33:24,376 [Worker-34: Launching Client-load] INFO  o.e.m.c.i.p.WorkspaceClassifierResolverManager - Resolving P/core-patch: org.vanilladb:core-patch:0.4.1-2021-spring with classifier null to /core-patch/target/classes
2021-04-07 05:33:24,417 [Worker-34: Launching Client-load] INFO  o.e.m.c.i.p.WorkspaceClassifierResolverManager - Resolving P/core-patch: org.vanilladb:core-patch:0.4.1-2021-spring with classifier null to /core-patch/target/classes
2021-04-07 05:33:32,376 [Worker-34: Launching Client-bench] INFO  o.e.m.c.i.p.WorkspaceClassifierResolverManager - Resolving P/core-patch: org.vanilladb:core-patch:0.4.1-2021-spring with classifier null to /core-patch/target/classes
2021-04-07 05:33:32,401 [Worker-34: Launching Client-bench] INFO  o.e.m.c.i.p.WorkspaceClassifierResolverManager - Resolving P/core-patch: org.vanilladb:core-patch:0.4.1-2021-spring with classifier null to /core-patch/target/classes
2021-04-07 05:33:32,436 [Worker-34: Launching Client-bench] INFO  o.e.m.c.i.p.WorkspaceClassifierResolverManager - Resolving P/core-patch: org.vanilladb:core-patch:0.4.1-2021-spring with classifier null to /core-patch/target/classes
2021-04-07 05:34:44,263 [Worker-46: Building] WARN  o.e.m.c.i.embedder.EclipseLogger - Using platform encoding (UTF-8 actually) to copy filtered resources, i.e. build is platform dependent!
2021-04-07 05:34:44,265 [Worker-46: Building] INFO  o.e.m.c.i.embedder.EclipseLogger - Copying 1 resource
2021-04-07 05:34:44,268 [Worker-46: Building] WARN  o.e.m.c.i.embedder.EclipseLogger - Using platform encoding (UTF-8 actually) to copy filtered resources, i.e. build is platform dependent!
2021-04-07 05:34:44,269 [Worker-46: Building] INFO  o.e.m.c.i.embedder.EclipseLogger - skip non existing resourceDirectory /Users/timchang/database_systems/db21-assignment-2/bench/src/test/resources
2021-04-07 05:34:52,959 [Worker-39: Launching Client-load] INFO  o.e.m.c.i.p.WorkspaceClassifierResolverManager - Resolving P/core-patch: org.vanilladb:core-patch:0.4.1-2021-spring with classifier null to /core-patch/target/classes
2021-04-07 05:34:52,989 [Worker-39: Launching Client-load] INFO  o.e.m.c.i.p.WorkspaceClassifierResolverManager - Resolving P/core-patch: org.vanilladb:core-patch:0.4.1-2021-spring with classifier null to /core-patch/target/classes
2021-04-07 05:34:53,046 [Worker-39: Launching Client-load] INFO  o.e.m.c.i.p.WorkspaceClassifierResolverManager - Resolving P/core-patch: org.vanilladb:core-patch:0.4.1-2021-spring with classifier null to /core-patch/target/classes
2021-04-07 05:37:51,600 [Worker-45: Launching Client-load] INFO  o.e.m.c.i.p.WorkspaceClassifierResolverManager - Resolving P/core-patch: org.vanilladb:core-patch:0.4.1-2021-spring with classifier null to /core-patch/target/classes
2021-04-07 05:37:51,634 [Worker-45: Launching Client-load] INFO  o.e.m.c.i.p.WorkspaceClassifierResolverManager - Resolving P/core-patch: org.vanilladb:core-patch:0.4.1-2021-spring with classifier null to /core-patch/target/classes
2021-04-07 05:37:51,673 [Worker-45: Launching Client-load] INFO  o.e.m.c.i.p.WorkspaceClassifierResolverManager - Resolving P/core-patch: org.vanilladb:core-patch:0.4.1-2021-spring with classifier null to /core-patch/target/classes
2021-04-07 05:38:17,584 [Worker-47: Launching Client-load] INFO  o.e.m.c.i.p.WorkspaceClassifierResolverManager - Resolving P/core-patch: org.vanilladb:core-patch:0.4.1-2021-spring with classifier null to /core-patch/target/classes
2021-04-07 05:38:17,599 [Worker-47: Launching Client-load] INFO  o.e.m.c.i.p.WorkspaceClassifierResolverManager - Resolving P/core-patch: org.vanilladb:core-patch:0.4.1-2021-spring with classifier null to /core-patch/target/classes
2021-04-07 05:38:17,618 [Worker-47: Launching Client-load] INFO  o.e.m.c.i.p.WorkspaceClassifierResolverManager - Resolving P/core-patch: org.vanilladb:core-patch:0.4.1-2021-spring with classifier null to /core-patch/target/classes
2021-04-07 05:38:23,776 [Worker-47: Launching Server-startup] INFO  o.e.m.c.i.p.WorkspaceClassifierResolverManager - Resolving P/core-patch: org.vanilladb:core-patch:0.4.1-2021-spring with classifier null to /core-patch/target/classes
2021-04-07 05:38:23,804 [Worker-47: Launching Server-startup] INFO  o.e.m.c.i.p.WorkspaceClassifierResolverManager - Resolving P/core-patch: org.vanilladb:core-patch:0.4.1-2021-spring with classifier null to /core-patch/target/classes
2021-04-07 05:38:23,834 [Worker-47: Launching Server-startup] INFO  o.e.m.c.i.p.WorkspaceClassifierResolverManager - Resolving P/core-patch: org.vanilladb:core-patch:0.4.1-2021-spring with classifier null to /core-patch/target/classes
2021-04-07 05:38:42,343 [Worker-48: Launching Client-load] INFO  o.e.m.c.i.p.WorkspaceClassifierResolverManager - Resolving P/core-patch: org.vanilladb:core-patch:0.4.1-2021-spring with classifier null to /core-patch/target/classes
2021-04-07 05:38:42,356 [Worker-48: Launching Client-load] INFO  o.e.m.c.i.p.WorkspaceClassifierResolverManager - Resolving P/core-patch: org.vanilladb:core-patch:0.4.1-2021-spring with classifier null to /core-patch/target/classes
2021-04-07 05:38:42,372 [Worker-48: Launching Client-load] INFO  o.e.m.c.i.p.WorkspaceClassifierResolverManager - Resolving P/core-patch: org.vanilladb:core-patch:0.4.1-2021-spring with classifier null to /core-patch/target/classes
2021-04-07 05:39:13,978 [Worker-47: Launching Client-load] INFO  o.e.m.c.i.p.WorkspaceClassifierResolverManager - Resolving P/core-patch: org.vanilladb:core-patch:0.4.1-2021-spring with classifier null to /core-patch/target/classes
2021-04-07 05:39:14,014 [Worker-47: Launching Client-load] INFO  o.e.m.c.i.p.WorkspaceClassifierResolverManager - Resolving P/core-patch: org.vanilladb:core-patch:0.4.1-2021-spring with classifier null to /core-patch/target/classes
2021-04-07 05:39:14,044 [Worker-47: Launching Client-load] INFO  o.e.m.c.i.p.WorkspaceClassifierResolverManager - Resolving P/core-patch: org.vanilladb:core-patch:0.4.1-2021-spring with classifier null to /core-patch/target/classes
2021-04-07 05:39:28,964 [Worker-45: Launching Client-bench] INFO  o.e.m.c.i.p.WorkspaceClassifierResolverManager - Resolving P/core-patch: org.vanilladb:core-patch:0.4.1-2021-spring with classifier null to /core-patch/target/classes
2021-04-07 05:39:28,984 [Worker-45: Launching Client-bench] INFO  o.e.m.c.i.p.WorkspaceClassifierResolverManager - Resolving P/core-patch: org.vanilladb:core-patch:0.4.1-2021-spring with classifier null to /core-patch/target/classes
2021-04-07 05:39:29,003 [Worker-45: Launching Client-bench] INFO  o.e.m.c.i.p.WorkspaceClassifierResolverManager - Resolving P/core-patch: org.vanilladb:core-patch:0.4.1-2021-spring with classifier null to /core-patch/target/classes
2021-04-07 05:43:07,267 [Worker-47: Launching Client-load] INFO  o.e.m.c.i.p.WorkspaceClassifierResolverManager - Resolving P/core-patch: org.vanilladb:core-patch:0.4.1-2021-spring with classifier null to /core-patch/target/classes
2021-04-07 05:43:07,293 [Worker-47: Launching Client-load] INFO  o.e.m.c.i.p.WorkspaceClassifierResolverManager - Resolving P/core-patch: org.vanilladb:core-patch:0.4.1-2021-spring with classifier null to /core-patch/target/classes
2021-04-07 05:43:07,331 [Worker-47: Launching Client-load] INFO  o.e.m.c.i.p.WorkspaceClassifierResolverManager - Resolving P/core-patch: org.vanilladb:core-patch:0.4.1-2021-spring with classifier null to /core-patch/target/classes
2021-04-07 05:43:31,022 [Worker-54: Building] WARN  o.e.m.c.i.embedder.EclipseLogger - Using platform encoding (UTF-8 actually) to copy filtered resources, i.e. build is platform dependent!
2021-04-07 05:43:31,024 [Worker-54: Building] INFO  o.e.m.c.i.embedder.EclipseLogger - Copying 1 resource
2021-04-07 05:43:31,027 [Worker-54: Building] WARN  o.e.m.c.i.embedder.EclipseLogger - Using platform encoding (UTF-8 actually) to copy filtered resources, i.e. build is platform dependent!
2021-04-07 05:43:31,027 [Worker-54: Building] INFO  o.e.m.c.i.embedder.EclipseLogger - skip non existing resourceDirectory /Users/timchang/database_systems/db21-assignment-2/bench/src/test/resources
2021-04-07 05:43:35,160 [Worker-45: Launching Client-load] INFO  o.e.m.c.i.p.WorkspaceClassifierResolverManager - Resolving P/core-patch: org.vanilladb:core-patch:0.4.1-2021-spring with classifier null to /core-patch/target/classes
2021-04-07 05:43:35,181 [Worker-45: Launching Client-load] INFO  o.e.m.c.i.p.WorkspaceClassifierResolverManager - Resolving P/core-patch: org.vanilladb:core-patch:0.4.1-2021-spring with classifier null to /core-patch/target/classes
2021-04-07 05:43:35,198 [Worker-45: Launching Client-load] INFO  o.e.m.c.i.p.WorkspaceClassifierResolverManager - Resolving P/core-patch: org.vanilladb:core-patch:0.4.1-2021-spring with classifier null to /core-patch/target/classes
2021-04-07 05:43:43,439 [Worker-54: Launching Client-bench] INFO  o.e.m.c.i.p.WorkspaceClassifierResolverManager - Resolving P/core-patch: org.vanilladb:core-patch:0.4.1-2021-spring with classifier null to /core-patch/target/classes
2021-04-07 05:43:43,464 [Worker-54: Launching Client-bench] INFO  o.e.m.c.i.p.WorkspaceClassifierResolverManager - Resolving P/core-patch: org.vanilladb:core-patch:0.4.1-2021-spring with classifier null to /core-patch/target/classes
2021-04-07 05:43:43,483 [Worker-54: Launching Client-bench] INFO  o.e.m.c.i.p.WorkspaceClassifierResolverManager - Resolving P/core-patch: org.vanilladb:core-patch:0.4.1-2021-spring with classifier null to /core-patch/target/classes
2021-04-07 05:50:37,986 [Worker-53: Launching Server-startup] INFO  o.e.m.c.i.p.WorkspaceClassifierResolverManager - Resolving P/core-patch: org.vanilladb:core-patch:0.4.1-2021-spring with classifier null to /core-patch/target/classes
2021-04-07 05:50:37,996 [Worker-53: Launching Server-startup] INFO  o.e.m.c.i.p.WorkspaceClassifierResolverManager - Resolving P/core-patch: org.vanilladb:core-patch:0.4.1-2021-spring with classifier null to /core-patch/target/classes
2021-04-07 05:50:38,005 [Worker-53: Launching Server-startup] INFO  o.e.m.c.i.p.WorkspaceClassifierResolverManager - Resolving P/core-patch: org.vanilladb:core-patch:0.4.1-2021-spring with classifier null to /core-patch/target/classes
2021-04-07 05:52:47,437 [Worker-57: Building] WARN  o.e.m.c.i.embedder.EclipseLogger - Using platform encoding (UTF-8 actually) to copy filtered resources, i.e. build is platform dependent!
2021-04-07 05:52:47,440 [Worker-57: Building] INFO  o.e.m.c.i.embedder.EclipseLogger - Copying 1 resource
2021-04-07 05:52:47,444 [Worker-57: Building] WARN  o.e.m.c.i.embedder.EclipseLogger - Using platform encoding (UTF-8 actually) to copy filtered resources, i.e. build is platform dependent!
2021-04-07 05:52:47,445 [Worker-57: Building] INFO  o.e.m.c.i.embedder.EclipseLogger - skip non existing resourceDirectory /Users/timchang/database_systems/db21-assignment-2/bench/src/test/resources
2021-04-07 05:53:01,473 [Worker-58: Launching Server-startup] INFO  o.e.m.c.i.p.WorkspaceClassifierResolverManager - Resolving P/core-patch: org.vanilladb:core-patch:0.4.1-2021-spring with classifier null to /core-patch/target/classes
2021-04-07 05:53:01,482 [Worker-58: Launching Server-startup] INFO  o.e.m.c.i.p.WorkspaceClassifierResolverManager - Resolving P/core-patch: org.vanilladb:core-patch:0.4.1-2021-spring with classifier null to /core-patch/target/classes
2021-04-07 05:53:01,492 [Worker-58: Launching Server-startup] INFO  o.e.m.c.i.p.WorkspaceClassifierResolverManager - Resolving P/core-patch: org.vanilladb:core-patch:0.4.1-2021-spring with classifier null to /core-patch/target/classes
2021-04-07 05:53:05,374 [Worker-57: Launching Server-startup] INFO  o.e.m.c.i.p.WorkspaceClassifierResolverManager - Resolving P/core-patch: org.vanilladb:core-patch:0.4.1-2021-spring with classifier null to /core-patch/target/classes
2021-04-07 05:53:05,386 [Worker-57: Launching Server-startup] INFO  o.e.m.c.i.p.WorkspaceClassifierResolverManager - Resolving P/core-patch: org.vanilladb:core-patch:0.4.1-2021-spring with classifier null to /core-patch/target/classes
2021-04-07 05:53:05,399 [Worker-57: Launching Server-startup] INFO  o.e.m.c.i.p.WorkspaceClassifierResolverManager - Resolving P/core-patch: org.vanilladb:core-patch:0.4.1-2021-spring with classifier null to /core-patch/target/classes
2021-04-07 05:53:20,458 [Worker-60: Launching Client-load] INFO  o.e.m.c.i.p.WorkspaceClassifierResolverManager - Resolving P/core-patch: org.vanilladb:core-patch:0.4.1-2021-spring with classifier null to /core-patch/target/classes
2021-04-07 05:53:20,483 [Worker-60: Launching Client-load] INFO  o.e.m.c.i.p.WorkspaceClassifierResolverManager - Resolving P/core-patch: org.vanilladb:core-patch:0.4.1-2021-spring with classifier null to /core-patch/target/classes
2021-04-07 05:53:20,499 [Worker-60: Launching Client-load] INFO  o.e.m.c.i.p.WorkspaceClassifierResolverManager - Resolving P/core-patch: org.vanilladb:core-patch:0.4.1-2021-spring with classifier null to /core-patch/target/classes
2021-04-07 05:53:41,037 [Worker-60: Launching Client-bench] INFO  o.e.m.c.i.p.WorkspaceClassifierResolverManager - Resolving P/core-patch: org.vanilladb:core-patch:0.4.1-2021-spring with classifier null to /core-patch/target/classes
2021-04-07 05:53:41,062 [Worker-60: Launching Client-bench] INFO  o.e.m.c.i.p.WorkspaceClassifierResolverManager - Resolving P/core-patch: org.vanilladb:core-patch:0.4.1-2021-spring with classifier null to /core-patch/target/classes
2021-04-07 05:53:41,081 [Worker-60: Launching Client-bench] INFO  o.e.m.c.i.p.WorkspaceClassifierResolverManager - Resolving P/core-patch: org.vanilladb:core-patch:0.4.1-2021-spring with classifier null to /core-patch/target/classes
2021-04-07 05:53:57,568 [Worker-56: Building] WARN  o.e.m.c.i.embedder.EclipseLogger - Using platform encoding (UTF-8 actually) to copy filtered resources, i.e. build is platform dependent!
2021-04-07 05:53:57,570 [Worker-56: Building] INFO  o.e.m.c.i.embedder.EclipseLogger - Copying 1 resource
2021-04-07 05:53:57,574 [Worker-56: Building] WARN  o.e.m.c.i.embedder.EclipseLogger - Using platform encoding (UTF-8 actually) to copy filtered resources, i.e. build is platform dependent!
2021-04-07 05:53:57,575 [Worker-56: Building] INFO  o.e.m.c.i.embedder.EclipseLogger - skip non existing resourceDirectory /Users/timchang/database_systems/db21-assignment-2/bench/src/test/resources
2021-04-07 05:54:02,938 [Worker-59: Launching Client-bench] INFO  o.e.m.c.i.p.WorkspaceClassifierResolverManager - Resolving P/core-patch: org.vanilladb:core-patch:0.4.1-2021-spring with classifier null to /core-patch/target/classes
2021-04-07 05:54:02,954 [Worker-59: Launching Client-bench] INFO  o.e.m.c.i.p.WorkspaceClassifierResolverManager - Resolving P/core-patch: org.vanilladb:core-patch:0.4.1-2021-spring with classifier null to /core-patch/target/classes
2021-04-07 05:54:02,977 [Worker-59: Launching Client-bench] INFO  o.e.m.c.i.p.WorkspaceClassifierResolverManager - Resolving P/core-patch: org.vanilladb:core-patch:0.4.1-2021-spring with classifier null to /core-patch/target/classes
2021-04-07 05:54:09,317 [Worker-59: Launching Server-startup] INFO  o.e.m.c.i.p.WorkspaceClassifierResolverManager - Resolving P/core-patch: org.vanilladb:core-patch:0.4.1-2021-spring with classifier null to /core-patch/target/classes
2021-04-07 05:54:09,339 [Worker-59: Launching Server-startup] INFO  o.e.m.c.i.p.WorkspaceClassifierResolverManager - Resolving P/core-patch: org.vanilladb:core-patch:0.4.1-2021-spring with classifier null to /core-patch/target/classes
2021-04-07 05:54:09,361 [Worker-59: Launching Server-startup] INFO  o.e.m.c.i.p.WorkspaceClassifierResolverManager - Resolving P/core-patch: org.vanilladb:core-patch:0.4.1-2021-spring with classifier null to /core-patch/target/classes
2021-04-07 05:54:18,618 [Worker-39: Launching Client-load] INFO  o.e.m.c.i.p.WorkspaceClassifierResolverManager - Resolving P/core-patch: org.vanilladb:core-patch:0.4.1-2021-spring with classifier null to /core-patch/target/classes
2021-04-07 05:54:18,639 [Worker-39: Launching Client-load] INFO  o.e.m.c.i.p.WorkspaceClassifierResolverManager - Resolving P/core-patch: org.vanilladb:core-patch:0.4.1-2021-spring with classifier null to /core-patch/target/classes
2021-04-07 05:54:18,658 [Worker-39: Launching Client-load] INFO  o.e.m.c.i.p.WorkspaceClassifierResolverManager - Resolving P/core-patch: org.vanilladb:core-patch:0.4.1-2021-spring with classifier null to /core-patch/target/classes
2021-04-07 05:54:32,622 [Worker-56: Launching Client-bench] INFO  o.e.m.c.i.p.WorkspaceClassifierResolverManager - Resolving P/core-patch: org.vanilladb:core-patch:0.4.1-2021-spring with classifier null to /core-patch/target/classes
2021-04-07 05:54:32,648 [Worker-56: Launching Client-bench] INFO  o.e.m.c.i.p.WorkspaceClassifierResolverManager - Resolving P/core-patch: org.vanilladb:core-patch:0.4.1-2021-spring with classifier null to /core-patch/target/classes
2021-04-07 05:54:32,661 [Worker-56: Launching Client-bench] INFO  o.e.m.c.i.p.WorkspaceClassifierResolverManager - Resolving P/core-patch: org.vanilladb:core-patch:0.4.1-2021-spring with classifier null to /core-patch/target/classes
2021-04-07 06:00:41,330 [Worker-56: Building] WARN  o.e.m.c.i.embedder.EclipseLogger - Using platform encoding (UTF-8 actually) to copy filtered resources, i.e. build is platform dependent!
2021-04-07 06:00:41,333 [Worker-56: Building] INFO  o.e.m.c.i.embedder.EclipseLogger - Copying 1 resource
2021-04-07 06:00:41,339 [Worker-56: Building] WARN  o.e.m.c.i.embedder.EclipseLogger - Using platform encoding (UTF-8 actually) to copy filtered resources, i.e. build is platform dependent!
2021-04-07 06:00:41,339 [Worker-56: Building] INFO  o.e.m.c.i.embedder.EclipseLogger - skip non existing resourceDirectory /Users/timchang/database_systems/db21-assignment-2/bench/src/test/resources
2021-04-07 06:01:01,008 [Worker-60: Launching Server-startup] INFO  o.e.m.c.i.p.WorkspaceClassifierResolverManager - Resolving P/core-patch: org.vanilladb:core-patch:0.4.1-2021-spring with classifier null to /core-patch/target/classes
2021-04-07 06:01:01,025 [Worker-60: Launching Server-startup] INFO  o.e.m.c.i.p.WorkspaceClassifierResolverManager - Resolving P/core-patch: org.vanilladb:core-patch:0.4.1-2021-spring with classifier null to /core-patch/target/classes
2021-04-07 06:01:01,038 [Worker-60: Launching Server-startup] INFO  o.e.m.c.i.p.WorkspaceClassifierResolverManager - Resolving P/core-patch: org.vanilladb:core-patch:0.4.1-2021-spring with classifier null to /core-patch/target/classes
2021-04-07 06:01:08,485 [Worker-62: Launching Client-load] INFO  o.e.m.c.i.p.WorkspaceClassifierResolverManager - Resolving P/core-patch: org.vanilladb:core-patch:0.4.1-2021-spring with classifier null to /core-patch/target/classes
2021-04-07 06:01:08,500 [Worker-62: Launching Client-load] INFO  o.e.m.c.i.p.WorkspaceClassifierResolverManager - Resolving P/core-patch: org.vanilladb:core-patch:0.4.1-2021-spring with classifier null to /core-patch/target/classes
2021-04-07 06:01:08,511 [Worker-62: Launching Client-load] INFO  o.e.m.c.i.p.WorkspaceClassifierResolverManager - Resolving P/core-patch: org.vanilladb:core-patch:0.4.1-2021-spring with classifier null to /core-patch/target/classes
2021-04-07 07:23:24,076 [Worker-75: Launching Client-load] INFO  o.e.m.c.i.p.WorkspaceClassifierResolverManager - Resolving P/core-patch: org.vanilladb:core-patch:0.4.1-2021-spring with classifier null to /core-patch/target/classes
2021-04-07 07:23:24,099 [Worker-75: Launching Client-load] INFO  o.e.m.c.i.p.WorkspaceClassifierResolverManager - Resolving P/core-patch: org.vanilladb:core-patch:0.4.1-2021-spring with classifier null to /core-patch/target/classes
2021-04-07 07:23:24,128 [Worker-75: Launching Client-load] INFO  o.e.m.c.i.p.WorkspaceClassifierResolverManager - Resolving P/core-patch: org.vanilladb:core-patch:0.4.1-2021-spring with classifier null to /core-patch/target/classes
2021-04-07 07:23:39,351 [Worker-78: Launching Client-bench] INFO  o.e.m.c.i.p.WorkspaceClassifierResolverManager - Resolving P/core-patch: org.vanilladb:core-patch:0.4.1-2021-spring with classifier null to /core-patch/target/classes
2021-04-07 07:23:39,370 [Worker-78: Launching Client-bench] INFO  o.e.m.c.i.p.WorkspaceClassifierResolverManager - Resolving P/core-patch: org.vanilladb:core-patch:0.4.1-2021-spring with classifier null to /core-patch/target/classes
2021-04-07 07:23:39,388 [Worker-78: Launching Client-bench] INFO  o.e.m.c.i.p.WorkspaceClassifierResolverManager - Resolving P/core-patch: org.vanilladb:core-patch:0.4.1-2021-spring with classifier null to /core-patch/target/classes
2021-04-07 07:25:43,078 [Worker-71: Launching Client-load] INFO  o.e.m.c.i.p.WorkspaceClassifierResolverManager - Resolving P/core-patch: org.vanilladb:core-patch:0.4.1-2021-spring with classifier null to /core-patch/target/classes
2021-04-07 07:25:43,098 [Worker-71: Launching Client-load] INFO  o.e.m.c.i.p.WorkspaceClassifierResolverManager - Resolving P/core-patch: org.vanilladb:core-patch:0.4.1-2021-spring with classifier null to /core-patch/target/classes
2021-04-07 07:25:43,118 [Worker-71: Launching Client-load] INFO  o.e.m.c.i.p.WorkspaceClassifierResolverManager - Resolving P/core-patch: org.vanilladb:core-patch:0.4.1-2021-spring with classifier null to /core-patch/target/classes
2021-04-07 07:27:51,729 [Worker-71: Building] WARN  o.e.m.c.i.embedder.EclipseLogger - Using platform encoding (UTF-8 actually) to copy filtered resources, i.e. build is platform dependent!
2021-04-07 07:27:51,731 [Worker-71: Building] INFO  o.e.m.c.i.embedder.EclipseLogger - Copying 1 resource
2021-04-07 07:27:51,734 [Worker-71: Building] WARN  o.e.m.c.i.embedder.EclipseLogger - Using platform encoding (UTF-8 actually) to copy filtered resources, i.e. build is platform dependent!
2021-04-07 07:27:51,735 [Worker-71: Building] INFO  o.e.m.c.i.embedder.EclipseLogger - skip non existing resourceDirectory /Users/timchang/database_systems/db21-assignment-2/bench/src/test/resources
2021-04-07 07:27:53,767 [Worker-81: Launching Client-load] INFO  o.e.m.c.i.p.WorkspaceClassifierResolverManager - Resolving P/core-patch: org.vanilladb:core-patch:0.4.1-2021-spring with classifier null to /core-patch/target/classes
2021-04-07 07:27:53,789 [Worker-81: Launching Client-load] INFO  o.e.m.c.i.p.WorkspaceClassifierResolverManager - Resolving P/core-patch: org.vanilladb:core-patch:0.4.1-2021-spring with classifier null to /core-patch/target/classes
2021-04-07 07:27:53,813 [Worker-81: Launching Client-load] INFO  o.e.m.c.i.p.WorkspaceClassifierResolverManager - Resolving P/core-patch: org.vanilladb:core-patch:0.4.1-2021-spring with classifier null to /core-patch/target/classes
2021-04-07 07:28:05,119 [Worker-81: Launching Server-startup] INFO  o.e.m.c.i.p.WorkspaceClassifierResolverManager - Resolving P/core-patch: org.vanilladb:core-patch:0.4.1-2021-spring with classifier null to /core-patch/target/classes
2021-04-07 07:28:05,130 [Worker-81: Launching Server-startup] INFO  o.e.m.c.i.p.WorkspaceClassifierResolverManager - Resolving P/core-patch: org.vanilladb:core-patch:0.4.1-2021-spring with classifier null to /core-patch/target/classes
2021-04-07 07:28:05,140 [Worker-81: Launching Server-startup] INFO  o.e.m.c.i.p.WorkspaceClassifierResolverManager - Resolving P/core-patch: org.vanilladb:core-patch:0.4.1-2021-spring with classifier null to /core-patch/target/classes
2021-04-07 07:28:11,333 [Worker-81: Launching Client-bench] INFO  o.e.m.c.i.p.WorkspaceClassifierResolverManager - Resolving P/core-patch: org.vanilladb:core-patch:0.4.1-2021-spring with classifier null to /core-patch/target/classes
2021-04-07 07:28:11,342 [Worker-81: Launching Client-bench] INFO  o.e.m.c.i.p.WorkspaceClassifierResolverManager - Resolving P/core-patch: org.vanilladb:core-patch:0.4.1-2021-spring with classifier null to /core-patch/target/classes
2021-04-07 07:28:11,352 [Worker-81: Launching Client-bench] INFO  o.e.m.c.i.p.WorkspaceClassifierResolverManager - Resolving P/core-patch: org.vanilladb:core-patch:0.4.1-2021-spring with classifier null to /core-patch/target/classes
2021-04-07 07:28:35,133 [Worker-75: Launching Client-bench] INFO  o.e.m.c.i.p.WorkspaceClassifierResolverManager - Resolving P/core-patch: org.vanilladb:core-patch:0.4.1-2021-spring with classifier null to /core-patch/target/classes
2021-04-07 07:28:35,143 [Worker-75: Launching Client-bench] INFO  o.e.m.c.i.p.WorkspaceClassifierResolverManager - Resolving P/core-patch: org.vanilladb:core-patch:0.4.1-2021-spring with classifier null to /core-patch/target/classes
2021-04-07 07:28:35,152 [Worker-75: Launching Client-bench] INFO  o.e.m.c.i.p.WorkspaceClassifierResolverManager - Resolving P/core-patch: org.vanilladb:core-patch:0.4.1-2021-spring with classifier null to /core-patch/target/classes
2021-04-07 07:28:52,662 [Worker-82: Launching Server-startup] INFO  o.e.m.c.i.p.WorkspaceClassifierResolverManager - Resolving P/core-patch: org.vanilladb:core-patch:0.4.1-2021-spring with classifier null to /core-patch/target/classes
2021-04-07 07:28:52,675 [Worker-82: Launching Server-startup] INFO  o.e.m.c.i.p.WorkspaceClassifierResolverManager - Resolving P/core-patch: org.vanilladb:core-patch:0.4.1-2021-spring with classifier null to /core-patch/target/classes
2021-04-07 07:28:52,685 [Worker-82: Launching Server-startup] INFO  o.e.m.c.i.p.WorkspaceClassifierResolverManager - Resolving P/core-patch: org.vanilladb:core-patch:0.4.1-2021-spring with classifier null to /core-patch/target/classes
2021-04-07 07:28:58,226 [Worker-75: Launching Client-bench] INFO  o.e.m.c.i.p.WorkspaceClassifierResolverManager - Resolving P/core-patch: org.vanilladb:core-patch:0.4.1-2021-spring with classifier null to /core-patch/target/classes
2021-04-07 07:28:58,237 [Worker-75: Launching Client-bench] INFO  o.e.m.c.i.p.WorkspaceClassifierResolverManager - Resolving P/core-patch: org.vanilladb:core-patch:0.4.1-2021-spring with classifier null to /core-patch/target/classes
2021-04-07 07:28:58,247 [Worker-75: Launching Client-bench] INFO  o.e.m.c.i.p.WorkspaceClassifierResolverManager - Resolving P/core-patch: org.vanilladb:core-patch:0.4.1-2021-spring with classifier null to /core-patch/target/classes
2021-04-07 07:29:23,094 [Worker-81: Launching Server-startup] INFO  o.e.m.c.i.p.WorkspaceClassifierResolverManager - Resolving P/core-patch: org.vanilladb:core-patch:0.4.1-2021-spring with classifier null to /core-patch/target/classes
2021-04-07 07:29:23,108 [Worker-81: Launching Server-startup] INFO  o.e.m.c.i.p.WorkspaceClassifierResolverManager - Resolving P/core-patch: org.vanilladb:core-patch:0.4.1-2021-spring with classifier null to /core-patch/target/classes
2021-04-07 07:29:23,123 [Worker-81: Launching Server-startup] INFO  o.e.m.c.i.p.WorkspaceClassifierResolverManager - Resolving P/core-patch: org.vanilladb:core-patch:0.4.1-2021-spring with classifier null to /core-patch/target/classes
2021-04-07 07:29:26,676 [Worker-84: Launching Client-load] INFO  o.e.m.c.i.p.WorkspaceClassifierResolverManager - Resolving P/core-patch: org.vanilladb:core-patch:0.4.1-2021-spring with classifier null to /core-patch/target/classes
2021-04-07 07:29:26,686 [Worker-84: Launching Client-load] INFO  o.e.m.c.i.p.WorkspaceClassifierResolverManager - Resolving P/core-patch: org.vanilladb:core-patch:0.4.1-2021-spring with classifier null to /core-patch/target/classes
2021-04-07 07:29:26,696 [Worker-84: Launching Client-load] INFO  o.e.m.c.i.p.WorkspaceClassifierResolverManager - Resolving P/core-patch: org.vanilladb:core-patch:0.4.1-2021-spring with classifier null to /core-patch/target/classes
2021-04-07 07:29:40,852 [Worker-84: Launching Client-bench] INFO  o.e.m.c.i.p.WorkspaceClassifierResolverManager - Resolving P/core-patch: org.vanilladb:core-patch:0.4.1-2021-spring with classifier null to /core-patch/target/classes
2021-04-07 07:29:40,874 [Worker-84: Launching Client-bench] INFO  o.e.m.c.i.p.WorkspaceClassifierResolverManager - Resolving P/core-patch: org.vanilladb:core-patch:0.4.1-2021-spring with classifier null to /core-patch/target/classes
2021-04-07 07:29:40,910 [Worker-84: Launching Client-bench] INFO  o.e.m.c.i.p.WorkspaceClassifierResolverManager - Resolving P/core-patch: org.vanilladb:core-patch:0.4.1-2021-spring with classifier null to /core-patch/target/classes
2021-04-07 07:36:41,613 [Worker-88: Building] WARN  o.e.m.c.i.embedder.EclipseLogger - Using platform encoding (UTF-8 actually) to copy filtered resources, i.e. build is platform dependent!
2021-04-07 07:36:41,617 [Worker-88: Building] INFO  o.e.m.c.i.embedder.EclipseLogger - Copying 3 resources
2021-04-07 07:36:41,620 [Worker-88: Building] WARN  o.e.m.c.i.embedder.EclipseLogger - Using platform encoding (UTF-8 actually) to copy filtered resources, i.e. build is platform dependent!
2021-04-07 07:36:41,621 [Worker-88: Building] INFO  o.e.m.c.i.embedder.EclipseLogger - skip non existing resourceDirectory /Users/timchang/database_systems/db21-assignment-2/bench/src/test/resources
2021-04-07 17:11:12,233 [Worker-3: Loading available Gradle versions] INFO  o.e.b.c.i.u.g.PublishedGradleVersions - Gradle version information cache is out-of-date. Trying to update.
2021-04-07 17:11:15,790 [Worker-0: Building] INFO  o.e.m.c.i.p.WorkspaceClassifierResolverManager - Resolving P/core-patch: org.vanilladb:core-patch:0.4.1-2021-spring with classifier  to /core-patch/target/classes
2021-04-07 17:11:16,475 [Worker-0: Building] WARN  o.e.m.c.i.embedder.EclipseLogger - Using platform encoding (UTF-8 actually) to copy filtered resources, i.e. build is platform dependent!
2021-04-07 17:11:16,486 [Worker-0: Building] INFO  o.e.m.c.i.embedder.EclipseLogger - Copying 3 resources
2021-04-07 17:11:16,503 [Worker-0: Building] WARN  o.e.m.c.i.embedder.EclipseLogger - Using platform encoding (UTF-8 actually) to copy filtered resources, i.e. build is platform dependent!
2021-04-07 17:11:16,504 [Worker-0: Building] INFO  o.e.m.c.i.embedder.EclipseLogger - skip non existing resourceDirectory /Users/timchang/database_systems/db21-assignment-2/bench/src/test/resources
2021-04-07 17:11:36,157 [Worker-5: Launching Server-startup] INFO  o.e.m.c.i.p.WorkspaceClassifierResolverManager - Resolving P/core-patch: org.vanilladb:core-patch:0.4.1-2021-spring with classifier null to /core-patch/target/classes
2021-04-07 17:11:36,198 [Worker-5: Launching Server-startup] INFO  o.e.m.c.i.p.WorkspaceClassifierResolverManager - Resolving P/core-patch: org.vanilladb:core-patch:0.4.1-2021-spring with classifier null to /core-patch/target/classes
2021-04-07 17:11:36,234 [Worker-5: Launching Server-startup] INFO  o.e.m.c.i.p.WorkspaceClassifierResolverManager - Resolving P/core-patch: org.vanilladb:core-patch:0.4.1-2021-spring with classifier null to /core-patch/target/classes
2021-04-07 17:11:52,443 [Worker-7: Building] WARN  o.e.m.c.i.embedder.EclipseLogger - Using platform encoding (UTF-8 actually) to copy filtered resources, i.e. build is platform dependent!
2021-04-07 17:11:52,581 [Worker-7: Building] INFO  o.e.m.c.i.embedder.EclipseLogger - Copying 1 resource
2021-04-07 17:11:52,583 [Worker-7: Building] WARN  o.e.m.c.i.embedder.EclipseLogger - Using platform encoding (UTF-8 actually) to copy filtered resources, i.e. build is platform dependent!
2021-04-07 17:11:52,585 [Worker-7: Building] INFO  o.e.m.c.i.embedder.EclipseLogger - skip non existing resourceDirectory /Users/timchang/database_systems/db21-assignment-2/bench/src/test/resources
2021-04-07 17:12:20,948 [Worker-3: Building] WARN  o.e.m.c.i.embedder.EclipseLogger - Using platform encoding (UTF-8 actually) to copy filtered resources, i.e. build is platform dependent!
2021-04-07 17:12:20,950 [Worker-3: Building] INFO  o.e.m.c.i.embedder.EclipseLogger - Copying 1 resource
2021-04-07 17:12:20,952 [Worker-3: Building] WARN  o.e.m.c.i.embedder.EclipseLogger - Using platform encoding (UTF-8 actually) to copy filtered resources, i.e. build is platform dependent!
2021-04-07 17:12:20,953 [Worker-3: Building] INFO  o.e.m.c.i.embedder.EclipseLogger - skip non existing resourceDirectory /Users/timchang/database_systems/db21-assignment-2/bench/src/test/resources
2021-04-07 17:12:31,720 [Worker-10: Launching Client-bench] INFO  o.e.m.c.i.p.WorkspaceClassifierResolverManager - Resolving P/core-patch: org.vanilladb:core-patch:0.4.1-2021-spring with classifier null to /core-patch/target/classes
2021-04-07 17:12:31,742 [Worker-10: Launching Client-bench] INFO  o.e.m.c.i.p.WorkspaceClassifierResolverManager - Resolving P/core-patch: org.vanilladb:core-patch:0.4.1-2021-spring with classifier null to /core-patch/target/classes
2021-04-07 17:12:31,761 [Worker-10: Launching Client-bench] INFO  o.e.m.c.i.p.WorkspaceClassifierResolverManager - Resolving P/core-patch: org.vanilladb:core-patch:0.4.1-2021-spring with classifier null to /core-patch/target/classes
2021-04-07 17:15:25,143 [Worker-4: Building] WARN  o.e.m.c.i.embedder.EclipseLogger - Using platform encoding (UTF-8 actually) to copy filtered resources, i.e. build is platform dependent!
2021-04-07 17:15:25,145 [Worker-4: Building] INFO  o.e.m.c.i.embedder.EclipseLogger - Copying 1 resource
2021-04-07 17:15:25,150 [Worker-4: Building] WARN  o.e.m.c.i.embedder.EclipseLogger - Using platform encoding (UTF-8 actually) to copy filtered resources, i.e. build is platform dependent!
2021-04-07 17:15:25,152 [Worker-4: Building] INFO  o.e.m.c.i.embedder.EclipseLogger - skip non existing resourceDirectory /Users/timchang/database_systems/db21-assignment-2/bench/src/test/resources
2021-04-07 17:15:28,580 [Worker-8: Launching Client-load] INFO  o.e.m.c.i.p.WorkspaceClassifierResolverManager - Resolving P/core-patch: org.vanilladb:core-patch:0.4.1-2021-spring with classifier null to /core-patch/target/classes
2021-04-07 17:15:28,599 [Worker-8: Launching Client-load] INFO  o.e.m.c.i.p.WorkspaceClassifierResolverManager - Resolving P/core-patch: org.vanilladb:core-patch:0.4.1-2021-spring with classifier null to /core-patch/target/classes
2021-04-07 17:15:28,615 [Worker-8: Launching Client-load] INFO  o.e.m.c.i.p.WorkspaceClassifierResolverManager - Resolving P/core-patch: org.vanilladb:core-patch:0.4.1-2021-spring with classifier null to /core-patch/target/classes
2021-04-07 17:15:53,951 [Worker-12: Launching Server-startup] INFO  o.e.m.c.i.p.WorkspaceClassifierResolverManager - Resolving P/core-patch: org.vanilladb:core-patch:0.4.1-2021-spring with classifier null to /core-patch/target/classes
2021-04-07 17:15:53,978 [Worker-12: Launching Server-startup] INFO  o.e.m.c.i.p.WorkspaceClassifierResolverManager - Resolving P/core-patch: org.vanilladb:core-patch:0.4.1-2021-spring with classifier null to /core-patch/target/classes
2021-04-07 17:15:54,004 [Worker-12: Launching Server-startup] INFO  o.e.m.c.i.p.WorkspaceClassifierResolverManager - Resolving P/core-patch: org.vanilladb:core-patch:0.4.1-2021-spring with classifier null to /core-patch/target/classes
2021-04-07 17:16:01,637 [Worker-7: Launching Client-load] INFO  o.e.m.c.i.p.WorkspaceClassifierResolverManager - Resolving P/core-patch: org.vanilladb:core-patch:0.4.1-2021-spring with classifier null to /core-patch/target/classes
2021-04-07 17:16:01,651 [Worker-7: Launching Client-load] INFO  o.e.m.c.i.p.WorkspaceClassifierResolverManager - Resolving P/core-patch: org.vanilladb:core-patch:0.4.1-2021-spring with classifier null to /core-patch/target/classes
2021-04-07 17:16:01,665 [Worker-7: Launching Client-load] INFO  o.e.m.c.i.p.WorkspaceClassifierResolverManager - Resolving P/core-patch: org.vanilladb:core-patch:0.4.1-2021-spring with classifier null to /core-patch/target/classes
2021-04-07 17:16:06,754 [Worker-5: Launching Client-bench] INFO  o.e.m.c.i.p.WorkspaceClassifierResolverManager - Resolving P/core-patch: org.vanilladb:core-patch:0.4.1-2021-spring with classifier null to /core-patch/target/classes
2021-04-07 17:16:06,780 [Worker-5: Launching Client-bench] INFO  o.e.m.c.i.p.WorkspaceClassifierResolverManager - Resolving P/core-patch: org.vanilladb:core-patch:0.4.1-2021-spring with classifier null to /core-patch/target/classes
2021-04-07 17:16:06,806 [Worker-5: Launching Client-bench] INFO  o.e.m.c.i.p.WorkspaceClassifierResolverManager - Resolving P/core-patch: org.vanilladb:core-patch:0.4.1-2021-spring with classifier null to /core-patch/target/classes
2021-04-07 18:13:47,844 [Worker-17: Building] WARN  o.e.m.c.i.embedder.EclipseLogger - Using platform encoding (UTF-8 actually) to copy filtered resources, i.e. build is platform dependent!
2021-04-07 18:13:47,847 [Worker-17: Building] INFO  o.e.m.c.i.embedder.EclipseLogger - Copying 1 resource
2021-04-07 18:13:47,852 [Worker-17: Building] WARN  o.e.m.c.i.embedder.EclipseLogger - Using platform encoding (UTF-8 actually) to copy filtered resources, i.e. build is platform dependent!
2021-04-07 18:13:47,853 [Worker-17: Building] INFO  o.e.m.c.i.embedder.EclipseLogger - skip non existing resourceDirectory /Users/timchang/database_systems/db21-assignment-2/bench/src/test/resources
2021-04-07 18:13:57,714 [Worker-8: Launching Server-startup] INFO  o.e.m.c.i.p.WorkspaceClassifierResolverManager - Resolving P/core-patch: org.vanilladb:core-patch:0.4.1-2021-spring with classifier null to /core-patch/target/classes
2021-04-07 18:13:57,735 [Worker-8: Launching Server-startup] INFO  o.e.m.c.i.p.WorkspaceClassifierResolverManager - Resolving P/core-patch: org.vanilladb:core-patch:0.4.1-2021-spring with classifier null to /core-patch/target/classes
2021-04-07 18:13:57,774 [Worker-8: Launching Server-startup] INFO  o.e.m.c.i.p.WorkspaceClassifierResolverManager - Resolving P/core-patch: org.vanilladb:core-patch:0.4.1-2021-spring with classifier null to /core-patch/target/classes
2021-04-07 18:14:02,462 [Worker-14: Launching Client-bench] INFO  o.e.m.c.i.p.WorkspaceClassifierResolverManager - Resolving P/core-patch: org.vanilladb:core-patch:0.4.1-2021-spring with classifier null to /core-patch/target/classes
2021-04-07 18:14:02,475 [Worker-14: Launching Client-bench] INFO  o.e.m.c.i.p.WorkspaceClassifierResolverManager - Resolving P/core-patch: org.vanilladb:core-patch:0.4.1-2021-spring with classifier null to /core-patch/target/classes
2021-04-07 18:14:02,489 [Worker-14: Launching Client-bench] INFO  o.e.m.c.i.p.WorkspaceClassifierResolverManager - Resolving P/core-patch: org.vanilladb:core-patch:0.4.1-2021-spring with classifier null to /core-patch/target/classes
2021-04-07 18:18:03,702 [Worker-0: Building] WARN  o.e.m.c.i.embedder.EclipseLogger - Using platform encoding (UTF-8 actually) to copy filtered resources, i.e. build is platform dependent!
2021-04-07 18:18:03,705 [Worker-0: Building] INFO  o.e.m.c.i.embedder.EclipseLogger - Copying 1 resource
2021-04-07 18:18:03,709 [Worker-0: Building] WARN  o.e.m.c.i.embedder.EclipseLogger - Using platform encoding (UTF-8 actually) to copy filtered resources, i.e. build is platform dependent!
2021-04-07 18:18:03,710 [Worker-0: Building] INFO  o.e.m.c.i.embedder.EclipseLogger - skip non existing resourceDirectory /Users/timchang/database_systems/db21-assignment-2/bench/src/test/resources
2021-04-07 18:18:13,227 [Worker-21: Launching Server-startup] INFO  o.e.m.c.i.p.WorkspaceClassifierResolverManager - Resolving P/core-patch: org.vanilladb:core-patch:0.4.1-2021-spring with classifier null to /core-patch/target/classes
2021-04-07 18:18:13,281 [Worker-21: Launching Server-startup] INFO  o.e.m.c.i.p.WorkspaceClassifierResolverManager - Resolving P/core-patch: org.vanilladb:core-patch:0.4.1-2021-spring with classifier null to /core-patch/target/classes
2021-04-07 18:18:13,301 [Worker-21: Launching Server-startup] INFO  o.e.m.c.i.p.WorkspaceClassifierResolverManager - Resolving P/core-patch: org.vanilladb:core-patch:0.4.1-2021-spring with classifier null to /core-patch/target/classes
2021-04-07 18:18:14,298 [Worker-8: Launching Server-startup] INFO  o.e.m.c.i.p.WorkspaceClassifierResolverManager - Resolving P/core-patch: org.vanilladb:core-patch:0.4.1-2021-spring with classifier null to /core-patch/target/classes
2021-04-07 18:18:14,325 [Worker-8: Launching Server-startup] INFO  o.e.m.c.i.p.WorkspaceClassifierResolverManager - Resolving P/core-patch: org.vanilladb:core-patch:0.4.1-2021-spring with classifier null to /core-patch/target/classes
2021-04-07 18:18:14,347 [Worker-8: Launching Server-startup] INFO  o.e.m.c.i.p.WorkspaceClassifierResolverManager - Resolving P/core-patch: org.vanilladb:core-patch:0.4.1-2021-spring with classifier null to /core-patch/target/classes
2021-04-07 18:18:23,282 [Worker-23: Launching Client-bench] INFO  o.e.m.c.i.p.WorkspaceClassifierResolverManager - Resolving P/core-patch: org.vanilladb:core-patch:0.4.1-2021-spring with classifier null to /core-patch/target/classes
2021-04-07 18:18:23,301 [Worker-23: Launching Client-bench] INFO  o.e.m.c.i.p.WorkspaceClassifierResolverManager - Resolving P/core-patch: org.vanilladb:core-patch:0.4.1-2021-spring with classifier null to /core-patch/target/classes
2021-04-07 18:18:23,320 [Worker-23: Launching Client-bench] INFO  o.e.m.c.i.p.WorkspaceClassifierResolverManager - Resolving P/core-patch: org.vanilladb:core-patch:0.4.1-2021-spring with classifier null to /core-patch/target/classes
2021-04-07 18:23:11,850 [Worker-25: Building] WARN  o.e.m.c.i.embedder.EclipseLogger - Using platform encoding (UTF-8 actually) to copy filtered resources, i.e. build is platform dependent!
2021-04-07 18:23:11,861 [Worker-25: Building] INFO  o.e.m.c.i.embedder.EclipseLogger - Copying 1 resource
2021-04-07 18:23:11,874 [Worker-25: Building] WARN  o.e.m.c.i.embedder.EclipseLogger - Using platform encoding (UTF-8 actually) to copy filtered resources, i.e. build is platform dependent!
2021-04-07 18:23:11,878 [Worker-25: Building] INFO  o.e.m.c.i.embedder.EclipseLogger - skip non existing resourceDirectory /Users/timchang/database_systems/db21-assignment-2/bench/src/test/resources
2021-04-07 18:23:22,224 [Worker-8: Launching Server-startup] INFO  o.e.m.c.i.p.WorkspaceClassifierResolverManager - Resolving P/core-patch: org.vanilladb:core-patch:0.4.1-2021-spring with classifier null to /core-patch/target/classes
2021-04-07 18:23:22,239 [Worker-8: Launching Server-startup] INFO  o.e.m.c.i.p.WorkspaceClassifierResolverManager - Resolving P/core-patch: org.vanilladb:core-patch:0.4.1-2021-spring with classifier null to /core-patch/target/classes
2021-04-07 18:23:22,254 [Worker-8: Launching Server-startup] INFO  o.e.m.c.i.p.WorkspaceClassifierResolverManager - Resolving P/core-patch: org.vanilladb:core-patch:0.4.1-2021-spring with classifier null to /core-patch/target/classes
2021-04-07 18:23:27,170 [Worker-24: Launching Client-bench] INFO  o.e.m.c.i.p.WorkspaceClassifierResolverManager - Resolving P/core-patch: org.vanilladb:core-patch:0.4.1-2021-spring with classifier null to /core-patch/target/classes
2021-04-07 18:23:27,180 [Worker-24: Launching Client-bench] INFO  o.e.m.c.i.p.WorkspaceClassifierResolverManager - Resolving P/core-patch: org.vanilladb:core-patch:0.4.1-2021-spring with classifier null to /core-patch/target/classes
2021-04-07 18:23:27,192 [Worker-24: Launching Client-bench] INFO  o.e.m.c.i.p.WorkspaceClassifierResolverManager - Resolving P/core-patch: org.vanilladb:core-patch:0.4.1-2021-spring with classifier null to /core-patch/target/classes
2021-04-07 18:25:52,134 [Worker-27: Building] WARN  o.e.m.c.i.embedder.EclipseLogger - Using platform encoding (UTF-8 actually) to copy filtered resources, i.e. build is platform dependent!
2021-04-07 18:25:52,139 [Worker-27: Building] INFO  o.e.m.c.i.embedder.EclipseLogger - Copying 1 resource
2021-04-07 18:25:52,144 [Worker-27: Building] WARN  o.e.m.c.i.embedder.EclipseLogger - Using platform encoding (UTF-8 actually) to copy filtered resources, i.e. build is platform dependent!
2021-04-07 18:25:52,145 [Worker-27: Building] INFO  o.e.m.c.i.embedder.EclipseLogger - skip non existing resourceDirectory /Users/timchang/database_systems/db21-assignment-2/bench/src/test/resources
2021-04-07 18:25:59,812 [Worker-25: Launching Server-startup] INFO  o.e.m.c.i.p.WorkspaceClassifierResolverManager - Resolving P/core-patch: org.vanilladb:core-patch:0.4.1-2021-spring with classifier null to /core-patch/target/classes
2021-04-07 18:25:59,830 [Worker-25: Launching Server-startup] INFO  o.e.m.c.i.p.WorkspaceClassifierResolverManager - Resolving P/core-patch: org.vanilladb:core-patch:0.4.1-2021-spring with classifier null to /core-patch/target/classes
2021-04-07 18:25:59,845 [Worker-25: Launching Server-startup] INFO  o.e.m.c.i.p.WorkspaceClassifierResolverManager - Resolving P/core-patch: org.vanilladb:core-patch:0.4.1-2021-spring with classifier null to /core-patch/target/classes
2021-04-07 18:26:06,132 [Worker-22: Launching Client-bench] INFO  o.e.m.c.i.p.WorkspaceClassifierResolverManager - Resolving P/core-patch: org.vanilladb:core-patch:0.4.1-2021-spring with classifier null to /core-patch/target/classes
2021-04-07 18:26:06,145 [Worker-22: Launching Client-bench] INFO  o.e.m.c.i.p.WorkspaceClassifierResolverManager - Resolving P/core-patch: org.vanilladb:core-patch:0.4.1-2021-spring with classifier null to /core-patch/target/classes
2021-04-07 18:26:06,159 [Worker-22: Launching Client-bench] INFO  o.e.m.c.i.p.WorkspaceClassifierResolverManager - Resolving P/core-patch: org.vanilladb:core-patch:0.4.1-2021-spring with classifier null to /core-patch/target/classes
2021-04-07 18:28:54,813 [Worker-24: Building] WARN  o.e.m.c.i.embedder.EclipseLogger - Using platform encoding (UTF-8 actually) to copy filtered resources, i.e. build is platform dependent!
2021-04-07 18:28:54,816 [Worker-24: Building] INFO  o.e.m.c.i.embedder.EclipseLogger - Copying 1 resource
2021-04-07 18:28:54,821 [Worker-24: Building] WARN  o.e.m.c.i.embedder.EclipseLogger - Using platform encoding (UTF-8 actually) to copy filtered resources, i.e. build is platform dependent!
2021-04-07 18:28:54,822 [Worker-24: Building] INFO  o.e.m.c.i.embedder.EclipseLogger - skip non existing resourceDirectory /Users/timchang/database_systems/db21-assignment-2/bench/src/test/resources
2021-04-07 18:29:02,698 [Worker-30: Launching Server-startup] INFO  o.e.m.c.i.p.WorkspaceClassifierResolverManager - Resolving P/core-patch: org.vanilladb:core-patch:0.4.1-2021-spring with classifier null to /core-patch/target/classes
2021-04-07 18:29:02,729 [Worker-30: Launching Server-startup] INFO  o.e.m.c.i.p.WorkspaceClassifierResolverManager - Resolving P/core-patch: org.vanilladb:core-patch:0.4.1-2021-spring with classifier null to /core-patch/target/classes
2021-04-07 18:29:02,743 [Worker-30: Launching Server-startup] INFO  o.e.m.c.i.p.WorkspaceClassifierResolverManager - Resolving P/core-patch: org.vanilladb:core-patch:0.4.1-2021-spring with classifier null to /core-patch/target/classes
2021-04-07 18:29:08,818 [Worker-27: Launching Client-bench] INFO  o.e.m.c.i.p.WorkspaceClassifierResolverManager - Resolving P/core-patch: org.vanilladb:core-patch:0.4.1-2021-spring with classifier null to /core-patch/target/classes
2021-04-07 18:29:08,830 [Worker-27: Launching Client-bench] INFO  o.e.m.c.i.p.WorkspaceClassifierResolverManager - Resolving P/core-patch: org.vanilladb:core-patch:0.4.1-2021-spring with classifier null to /core-patch/target/classes
2021-04-07 18:29:08,841 [Worker-27: Launching Client-bench] INFO  o.e.m.c.i.p.WorkspaceClassifierResolverManager - Resolving P/core-patch: org.vanilladb:core-patch:0.4.1-2021-spring with classifier null to /core-patch/target/classes
2021-04-07 18:35:10,165 [Worker-14: Building] WARN  o.e.m.c.i.embedder.EclipseLogger - Using platform encoding (UTF-8 actually) to copy filtered resources, i.e. build is platform dependent!
2021-04-07 18:35:10,168 [Worker-14: Building] INFO  o.e.m.c.i.embedder.EclipseLogger - Copying 1 resource
2021-04-07 18:35:10,171 [Worker-14: Building] WARN  o.e.m.c.i.embedder.EclipseLogger - Using platform encoding (UTF-8 actually) to copy filtered resources, i.e. build is platform dependent!
2021-04-07 18:35:10,172 [Worker-14: Building] INFO  o.e.m.c.i.embedder.EclipseLogger - skip non existing resourceDirectory /Users/timchang/database_systems/db21-assignment-2/bench/src/test/resources
2021-04-07 18:35:16,698 [Worker-22: Launching Server-startup] INFO  o.e.m.c.i.p.WorkspaceClassifierResolverManager - Resolving P/core-patch: org.vanilladb:core-patch:0.4.1-2021-spring with classifier null to /core-patch/target/classes
2021-04-07 18:35:16,715 [Worker-22: Launching Server-startup] INFO  o.e.m.c.i.p.WorkspaceClassifierResolverManager - Resolving P/core-patch: org.vanilladb:core-patch:0.4.1-2021-spring with classifier null to /core-patch/target/classes
2021-04-07 18:35:16,731 [Worker-22: Launching Server-startup] INFO  o.e.m.c.i.p.WorkspaceClassifierResolverManager - Resolving P/core-patch: org.vanilladb:core-patch:0.4.1-2021-spring with classifier null to /core-patch/target/classes
2021-04-07 18:35:20,233 [Worker-8: Launching Client-load] INFO  o.e.m.c.i.p.WorkspaceClassifierResolverManager - Resolving P/core-patch: org.vanilladb:core-patch:0.4.1-2021-spring with classifier null to /core-patch/target/classes
2021-04-07 18:35:20,244 [Worker-8: Launching Client-load] INFO  o.e.m.c.i.p.WorkspaceClassifierResolverManager - Resolving P/core-patch: org.vanilladb:core-patch:0.4.1-2021-spring with classifier null to /core-patch/target/classes
2021-04-07 18:35:20,257 [Worker-8: Launching Client-load] INFO  o.e.m.c.i.p.WorkspaceClassifierResolverManager - Resolving P/core-patch: org.vanilladb:core-patch:0.4.1-2021-spring with classifier null to /core-patch/target/classes
2021-04-07 18:35:26,113 [Worker-14: Building] WARN  o.e.m.c.i.embedder.EclipseLogger - Using platform encoding (UTF-8 actually) to copy filtered resources, i.e. build is platform dependent!
2021-04-07 18:35:26,114 [Worker-14: Building] INFO  o.e.m.c.i.embedder.EclipseLogger - Copying 1 resource
2021-04-07 18:35:26,117 [Worker-14: Building] WARN  o.e.m.c.i.embedder.EclipseLogger - Using platform encoding (UTF-8 actually) to copy filtered resources, i.e. build is platform dependent!
2021-04-07 18:35:26,117 [Worker-14: Building] INFO  o.e.m.c.i.embedder.EclipseLogger - skip non existing resourceDirectory /Users/timchang/database_systems/db21-assignment-2/bench/src/test/resources
2021-04-07 18:35:34,757 [Worker-32: Launching Server-startup] INFO  o.e.m.c.i.p.WorkspaceClassifierResolverManager - Resolving P/core-patch: org.vanilladb:core-patch:0.4.1-2021-spring with classifier null to /core-patch/target/classes
2021-04-07 18:35:34,770 [Worker-32: Launching Server-startup] INFO  o.e.m.c.i.p.WorkspaceClassifierResolverManager - Resolving P/core-patch: org.vanilladb:core-patch:0.4.1-2021-spring with classifier null to /core-patch/target/classes
2021-04-07 18:35:34,782 [Worker-32: Launching Server-startup] INFO  o.e.m.c.i.p.WorkspaceClassifierResolverManager - Resolving P/core-patch: org.vanilladb:core-patch:0.4.1-2021-spring with classifier null to /core-patch/target/classes
2021-04-07 18:35:37,899 [Worker-31: Launching Client-load] INFO  o.e.m.c.i.p.WorkspaceClassifierResolverManager - Resolving P/core-patch: org.vanilladb:core-patch:0.4.1-2021-spring with classifier null to /core-patch/target/classes
2021-04-07 18:35:37,909 [Worker-31: Launching Client-load] INFO  o.e.m.c.i.p.WorkspaceClassifierResolverManager - Resolving P/core-patch: org.vanilladb:core-patch:0.4.1-2021-spring with classifier null to /core-patch/target/classes
2021-04-07 18:35:37,935 [Worker-31: Launching Client-load] INFO  o.e.m.c.i.p.WorkspaceClassifierResolverManager - Resolving P/core-patch: org.vanilladb:core-patch:0.4.1-2021-spring with classifier null to /core-patch/target/classes
2021-04-07 18:35:42,053 [Worker-33: Launching Client-bench] INFO  o.e.m.c.i.p.WorkspaceClassifierResolverManager - Resolving P/core-patch: org.vanilladb:core-patch:0.4.1-2021-spring with classifier null to /core-patch/target/classes
2021-04-07 18:35:42,079 [Worker-33: Launching Client-bench] INFO  o.e.m.c.i.p.WorkspaceClassifierResolverManager - Resolving P/core-patch: org.vanilladb:core-patch:0.4.1-2021-spring with classifier null to /core-patch/target/classes
2021-04-07 18:35:42,097 [Worker-33: Launching Client-bench] INFO  o.e.m.c.i.p.WorkspaceClassifierResolverManager - Resolving P/core-patch: org.vanilladb:core-patch:0.4.1-2021-spring with classifier null to /core-patch/target/classes
2021-04-07 18:38:12,117 [Worker-34: Building] WARN  o.e.m.c.i.embedder.EclipseLogger - Using platform encoding (UTF-8 actually) to copy filtered resources, i.e. build is platform dependent!
2021-04-07 18:38:12,122 [Worker-34: Building] INFO  o.e.m.c.i.embedder.EclipseLogger - Copying 1 resource
2021-04-07 18:38:12,128 [Worker-34: Building] WARN  o.e.m.c.i.embedder.EclipseLogger - Using platform encoding (UTF-8 actually) to copy filtered resources, i.e. build is platform dependent!
2021-04-07 18:38:12,129 [Worker-34: Building] INFO  o.e.m.c.i.embedder.EclipseLogger - skip non existing resourceDirectory /Users/timchang/database_systems/db21-assignment-2/bench/src/test/resources
2021-04-07 18:38:19,437 [Worker-8: Launching Server-startup] INFO  o.e.m.c.i.p.WorkspaceClassifierResolverManager - Resolving P/core-patch: org.vanilladb:core-patch:0.4.1-2021-spring with classifier null to /core-patch/target/classes
2021-04-07 18:38:19,448 [Worker-8: Launching Server-startup] INFO  o.e.m.c.i.p.WorkspaceClassifierResolverManager - Resolving P/core-patch: org.vanilladb:core-patch:0.4.1-2021-spring with classifier null to /core-patch/target/classes
2021-04-07 18:38:19,459 [Worker-8: Launching Server-startup] INFO  o.e.m.c.i.p.WorkspaceClassifierResolverManager - Resolving P/core-patch: org.vanilladb:core-patch:0.4.1-2021-spring with classifier null to /core-patch/target/classes
2021-04-07 18:38:23,351 [Worker-32: Launching Client-load] INFO  o.e.m.c.i.p.WorkspaceClassifierResolverManager - Resolving P/core-patch: org.vanilladb:core-patch:0.4.1-2021-spring with classifier null to /core-patch/target/classes
2021-04-07 18:38:23,366 [Worker-32: Launching Client-load] INFO  o.e.m.c.i.p.WorkspaceClassifierResolverManager - Resolving P/core-patch: org.vanilladb:core-patch:0.4.1-2021-spring with classifier null to /core-patch/target/classes
2021-04-07 18:38:23,378 [Worker-32: Launching Client-load] INFO  o.e.m.c.i.p.WorkspaceClassifierResolverManager - Resolving P/core-patch: org.vanilladb:core-patch:0.4.1-2021-spring with classifier null to /core-patch/target/classes
2021-04-07 18:38:27,913 [Worker-14: Launching Client-bench] INFO  o.e.m.c.i.p.WorkspaceClassifierResolverManager - Resolving P/core-patch: org.vanilladb:core-patch:0.4.1-2021-spring with classifier null to /core-patch/target/classes
2021-04-07 18:38:27,938 [Worker-14: Launching Client-bench] INFO  o.e.m.c.i.p.WorkspaceClassifierResolverManager - Resolving P/core-patch: org.vanilladb:core-patch:0.4.1-2021-spring with classifier null to /core-patch/target/classes
2021-04-07 18:38:27,964 [Worker-14: Launching Client-bench] INFO  o.e.m.c.i.p.WorkspaceClassifierResolverManager - Resolving P/core-patch: org.vanilladb:core-patch:0.4.1-2021-spring with classifier null to /core-patch/target/classes
2021-04-07 18:40:53,088 [Worker-32: Building] WARN  o.e.m.c.i.embedder.EclipseLogger - Using platform encoding (UTF-8 actually) to copy filtered resources, i.e. build is platform dependent!
2021-04-07 18:40:53,089 [Worker-32: Building] INFO  o.e.m.c.i.embedder.EclipseLogger - Copying 1 resource
2021-04-07 18:40:53,092 [Worker-32: Building] WARN  o.e.m.c.i.embedder.EclipseLogger - Using platform encoding (UTF-8 actually) to copy filtered resources, i.e. build is platform dependent!
2021-04-07 18:40:53,094 [Worker-32: Building] INFO  o.e.m.c.i.embedder.EclipseLogger - skip non existing resourceDirectory /Users/timchang/database_systems/db21-assignment-2/bench/src/test/resources
2021-04-07 18:40:59,576 [Worker-31: Launching Server-startup] INFO  o.e.m.c.i.p.WorkspaceClassifierResolverManager - Resolving P/core-patch: org.vanilladb:core-patch:0.4.1-2021-spring with classifier null to /core-patch/target/classes
2021-04-07 18:40:59,586 [Worker-31: Launching Server-startup] INFO  o.e.m.c.i.p.WorkspaceClassifierResolverManager - Resolving P/core-patch: org.vanilladb:core-patch:0.4.1-2021-spring with classifier null to /core-patch/target/classes
2021-04-07 18:40:59,597 [Worker-31: Launching Server-startup] INFO  o.e.m.c.i.p.WorkspaceClassifierResolverManager - Resolving P/core-patch: org.vanilladb:core-patch:0.4.1-2021-spring with classifier null to /core-patch/target/classes
2021-04-07 18:41:15,378 [Worker-22: Launching Client-load] INFO  o.e.m.c.i.p.WorkspaceClassifierResolverManager - Resolving P/core-patch: org.vanilladb:core-patch:0.4.1-2021-spring with classifier null to /core-patch/target/classes
2021-04-07 18:41:15,395 [Worker-22: Launching Client-load] INFO  o.e.m.c.i.p.WorkspaceClassifierResolverManager - Resolving P/core-patch: org.vanilladb:core-patch:0.4.1-2021-spring with classifier null to /core-patch/target/classes
2021-04-07 18:41:15,408 [Worker-22: Launching Client-load] INFO  o.e.m.c.i.p.WorkspaceClassifierResolverManager - Resolving P/core-patch: org.vanilladb:core-patch:0.4.1-2021-spring with classifier null to /core-patch/target/classes
2021-04-07 18:41:19,287 [Worker-8: Launching Client-bench] INFO  o.e.m.c.i.p.WorkspaceClassifierResolverManager - Resolving P/core-patch: org.vanilladb:core-patch:0.4.1-2021-spring with classifier null to /core-patch/target/classes
2021-04-07 18:41:19,318 [Worker-8: Launching Client-bench] INFO  o.e.m.c.i.p.WorkspaceClassifierResolverManager - Resolving P/core-patch: org.vanilladb:core-patch:0.4.1-2021-spring with classifier null to /core-patch/target/classes
2021-04-07 18:41:19,348 [Worker-8: Launching Client-bench] INFO  o.e.m.c.i.p.WorkspaceClassifierResolverManager - Resolving P/core-patch: org.vanilladb:core-patch:0.4.1-2021-spring with classifier null to /core-patch/target/classes
2021-04-07 18:45:19,312 [Worker-33: Launching Server-startup] INFO  o.e.m.c.i.p.WorkspaceClassifierResolverManager - Resolving P/core-patch: org.vanilladb:core-patch:0.4.1-2021-spring with classifier null to /core-patch/target/classes
2021-04-07 18:45:19,331 [Worker-33: Launching Server-startup] INFO  o.e.m.c.i.p.WorkspaceClassifierResolverManager - Resolving P/core-patch: org.vanilladb:core-patch:0.4.1-2021-spring with classifier null to /core-patch/target/classes
2021-04-07 18:45:19,344 [Worker-33: Launching Server-startup] INFO  o.e.m.c.i.p.WorkspaceClassifierResolverManager - Resolving P/core-patch: org.vanilladb:core-patch:0.4.1-2021-spring with classifier null to /core-patch/target/classes
2021-04-07 18:45:21,970 [Worker-37: Launching Client-load] INFO  o.e.m.c.i.p.WorkspaceClassifierResolverManager - Resolving P/core-patch: org.vanilladb:core-patch:0.4.1-2021-spring with classifier null to /core-patch/target/classes
2021-04-07 18:45:21,987 [Worker-37: Launching Client-load] INFO  o.e.m.c.i.p.WorkspaceClassifierResolverManager - Resolving P/core-patch: org.vanilladb:core-patch:0.4.1-2021-spring with classifier null to /core-patch/target/classes
2021-04-07 18:45:22,007 [Worker-37: Launching Client-load] INFO  o.e.m.c.i.p.WorkspaceClassifierResolverManager - Resolving P/core-patch: org.vanilladb:core-patch:0.4.1-2021-spring with classifier null to /core-patch/target/classes
2021-04-07 18:45:26,551 [Worker-36: Launching Client-bench] INFO  o.e.m.c.i.p.WorkspaceClassifierResolverManager - Resolving P/core-patch: org.vanilladb:core-patch:0.4.1-2021-spring with classifier null to /core-patch/target/classes
2021-04-07 18:45:26,567 [Worker-36: Launching Client-bench] INFO  o.e.m.c.i.p.WorkspaceClassifierResolverManager - Resolving P/core-patch: org.vanilladb:core-patch:0.4.1-2021-spring with classifier null to /core-patch/target/classes
2021-04-07 18:45:26,587 [Worker-36: Launching Client-bench] INFO  o.e.m.c.i.p.WorkspaceClassifierResolverManager - Resolving P/core-patch: org.vanilladb:core-patch:0.4.1-2021-spring with classifier null to /core-patch/target/classes
2021-04-07 18:48:25,584 [Worker-34: Building] WARN  o.e.m.c.i.embedder.EclipseLogger - Using platform encoding (UTF-8 actually) to copy filtered resources, i.e. build is platform dependent!
2021-04-07 18:48:25,586 [Worker-34: Building] INFO  o.e.m.c.i.embedder.EclipseLogger - Copying 1 resource
2021-04-07 18:48:25,590 [Worker-34: Building] WARN  o.e.m.c.i.embedder.EclipseLogger - Using platform encoding (UTF-8 actually) to copy filtered resources, i.e. build is platform dependent!
2021-04-07 18:48:25,590 [Worker-34: Building] INFO  o.e.m.c.i.embedder.EclipseLogger - skip non existing resourceDirectory /Users/timchang/database_systems/db21-assignment-2/bench/src/test/resources
2021-04-07 18:48:31,040 [Worker-34: Launching Client-bench] INFO  o.e.m.c.i.p.WorkspaceClassifierResolverManager - Resolving P/core-patch: org.vanilladb:core-patch:0.4.1-2021-spring with classifier null to /core-patch/target/classes
2021-04-07 18:48:31,051 [Worker-34: Launching Client-bench] INFO  o.e.m.c.i.p.WorkspaceClassifierResolverManager - Resolving P/core-patch: org.vanilladb:core-patch:0.4.1-2021-spring with classifier null to /core-patch/target/classes
2021-04-07 18:48:31,060 [Worker-34: Launching Client-bench] INFO  o.e.m.c.i.p.WorkspaceClassifierResolverManager - Resolving P/core-patch: org.vanilladb:core-patch:0.4.1-2021-spring with classifier null to /core-patch/target/classes
2021-04-07 18:48:41,921 [Worker-33: Launching Server-startup] INFO  o.e.m.c.i.p.WorkspaceClassifierResolverManager - Resolving P/core-patch: org.vanilladb:core-patch:0.4.1-2021-spring with classifier null to /core-patch/target/classes
2021-04-07 18:48:41,936 [Worker-33: Launching Server-startup] INFO  o.e.m.c.i.p.WorkspaceClassifierResolverManager - Resolving P/core-patch: org.vanilladb:core-patch:0.4.1-2021-spring with classifier null to /core-patch/target/classes
2021-04-07 18:48:41,958 [Worker-33: Launching Server-startup] INFO  o.e.m.c.i.p.WorkspaceClassifierResolverManager - Resolving P/core-patch: org.vanilladb:core-patch:0.4.1-2021-spring with classifier null to /core-patch/target/classes
2021-04-07 18:48:46,334 [Worker-38: Launching Client-load] INFO  o.e.m.c.i.p.WorkspaceClassifierResolverManager - Resolving P/core-patch: org.vanilladb:core-patch:0.4.1-2021-spring with classifier null to /core-patch/target/classes
2021-04-07 18:48:46,345 [Worker-38: Launching Client-load] INFO  o.e.m.c.i.p.WorkspaceClassifierResolverManager - Resolving P/core-patch: org.vanilladb:core-patch:0.4.1-2021-spring with classifier null to /core-patch/target/classes
2021-04-07 18:48:46,356 [Worker-38: Launching Client-load] INFO  o.e.m.c.i.p.WorkspaceClassifierResolverManager - Resolving P/core-patch: org.vanilladb:core-patch:0.4.1-2021-spring with classifier null to /core-patch/target/classes
2021-04-07 18:48:49,957 [Worker-32: Launching Client-bench] INFO  o.e.m.c.i.p.WorkspaceClassifierResolverManager - Resolving P/core-patch: org.vanilladb:core-patch:0.4.1-2021-spring with classifier null to /core-patch/target/classes
2021-04-07 18:48:49,982 [Worker-32: Launching Client-bench] INFO  o.e.m.c.i.p.WorkspaceClassifierResolverManager - Resolving P/core-patch: org.vanilladb:core-patch:0.4.1-2021-spring with classifier null to /core-patch/target/classes
2021-04-07 18:48:50,010 [Worker-32: Launching Client-bench] INFO  o.e.m.c.i.p.WorkspaceClassifierResolverManager - Resolving P/core-patch: org.vanilladb:core-patch:0.4.1-2021-spring with classifier null to /core-patch/target/classes
2021-04-07 18:51:59,057 [Worker-33: Building] WARN  o.e.m.c.i.embedder.EclipseLogger - Using platform encoding (UTF-8 actually) to copy filtered resources, i.e. build is platform dependent!
2021-04-07 18:51:59,059 [Worker-33: Building] INFO  o.e.m.c.i.embedder.EclipseLogger - Copying 1 resource
2021-04-07 18:51:59,063 [Worker-33: Building] WARN  o.e.m.c.i.embedder.EclipseLogger - Using platform encoding (UTF-8 actually) to copy filtered resources, i.e. build is platform dependent!
2021-04-07 18:51:59,063 [Worker-33: Building] INFO  o.e.m.c.i.embedder.EclipseLogger - skip non existing resourceDirectory /Users/timchang/database_systems/db21-assignment-2/bench/src/test/resources
2021-04-07 18:52:12,728 [Worker-34: Launching Server-startup] INFO  o.e.m.c.i.p.WorkspaceClassifierResolverManager - Resolving P/core-patch: org.vanilladb:core-patch:0.4.1-2021-spring with classifier null to /core-patch/target/classes
2021-04-07 18:52:12,740 [Worker-34: Launching Server-startup] INFO  o.e.m.c.i.p.WorkspaceClassifierResolverManager - Resolving P/core-patch: org.vanilladb:core-patch:0.4.1-2021-spring with classifier null to /core-patch/target/classes
2021-04-07 18:52:12,755 [Worker-34: Launching Server-startup] INFO  o.e.m.c.i.p.WorkspaceClassifierResolverManager - Resolving P/core-patch: org.vanilladb:core-patch:0.4.1-2021-spring with classifier null to /core-patch/target/classes
2021-04-07 18:52:17,443 [Worker-33: Launching Client-load] INFO  o.e.m.c.i.p.WorkspaceClassifierResolverManager - Resolving P/core-patch: org.vanilladb:core-patch:0.4.1-2021-spring with classifier null to /core-patch/target/classes
2021-04-07 18:52:17,453 [Worker-33: Launching Client-load] INFO  o.e.m.c.i.p.WorkspaceClassifierResolverManager - Resolving P/core-patch: org.vanilladb:core-patch:0.4.1-2021-spring with classifier null to /core-patch/target/classes
2021-04-07 18:52:17,462 [Worker-33: Launching Client-load] INFO  o.e.m.c.i.p.WorkspaceClassifierResolverManager - Resolving P/core-patch: org.vanilladb:core-patch:0.4.1-2021-spring with classifier null to /core-patch/target/classes
2021-04-07 18:52:18,847 [Worker-42: Launching Client-load] INFO  o.e.m.c.i.p.WorkspaceClassifierResolverManager - Resolving P/core-patch: org.vanilladb:core-patch:0.4.1-2021-spring with classifier null to /core-patch/target/classes
2021-04-07 18:52:18,882 [Worker-42: Launching Client-load] INFO  o.e.m.c.i.p.WorkspaceClassifierResolverManager - Resolving P/core-patch: org.vanilladb:core-patch:0.4.1-2021-spring with classifier null to /core-patch/target/classes
2021-04-07 18:52:18,961 [Worker-42: Launching Client-load] INFO  o.e.m.c.i.p.WorkspaceClassifierResolverManager - Resolving P/core-patch: org.vanilladb:core-patch:0.4.1-2021-spring with classifier null to /core-patch/target/classes
2021-04-07 18:52:24,252 [Worker-32: Launching Client-bench] INFO  o.e.m.c.i.p.WorkspaceClassifierResolverManager - Resolving P/core-patch: org.vanilladb:core-patch:0.4.1-2021-spring with classifier null to /core-patch/target/classes
2021-04-07 18:52:24,277 [Worker-32: Launching Client-bench] INFO  o.e.m.c.i.p.WorkspaceClassifierResolverManager - Resolving P/core-patch: org.vanilladb:core-patch:0.4.1-2021-spring with classifier null to /core-patch/target/classes
2021-04-07 18:52:24,300 [Worker-32: Launching Client-bench] INFO  o.e.m.c.i.p.WorkspaceClassifierResolverManager - Resolving P/core-patch: org.vanilladb:core-patch:0.4.1-2021-spring with classifier null to /core-patch/target/classes
2021-04-08 15:20:43,461 [Worker-0: Loading available Gradle versions] INFO  o.e.b.c.i.u.g.PublishedGradleVersions - Gradle version information cache is up-to-date. Trying to read.
